{"C:\\Users\\12\\dev\\stellar-burgers\\src\\components\\app\\app.tsx": {"path":"C:\\Users\\12\\dev\\stellar-burgers\\src\\components\\app\\app.tsx","statementMap":{"0":{"start":{"line":1,"column":0},"end":{"line":1,"column":75}},"1":{"start":{"line":2,"column":0},"end":{"line":2,"column":null}},"2":{"start":{"line":14,"column":0},"end":{"line":14,"column":null}},"3":{"start":{"line":21,"column":0},"end":{"line":21,"column":25}},"4":{"start":{"line":22,"column":0},"end":{"line":22,"column":38}},"5":{"start":{"line":23,"column":0},"end":{"line":23,"column":34}},"6":{"start":{"line":24,"column":0},"end":{"line":24,"column":51}},"7":{"start":{"line":25,"column":0},"end":{"line":25,"column":74}},"8":{"start":{"line":26,"column":0},"end":{"line":26,"column":64}},"9":{"start":{"line":28,"column":12},"end":{"line":149,"column":1}},"10":{"start":{"line":29,"column":19},"end":{"line":29,"column":32}},"11":{"start":{"line":30,"column":19},"end":{"line":30,"column":32}},"12":{"start":{"line":31,"column":21},"end":{"line":31,"column":64}},"13":{"start":{"line":32,"column":19},"end":{"line":32,"column":32}},"14":{"start":{"line":34,"column":2},"end":{"line":38,"column":17}},"15":{"start":{"line":36,"column":4},"end":{"line":36,"column":33}},"16":{"start":{"line":37,"column":4},"end":{"line":37,"column":30}},"17":{"start":{"line":40,"column":27},"end":{"line":42,"column":3}},"18":{"start":{"line":41,"column":4},"end":{"line":41,"column":17}},"19":{"start":{"line":44,"column":2},"end":{"line":148,"column":4}},"20":{"start":{"line":151,"column":0},"end":{"line":151,"column":19}}},"fnMap":{"0":{"name":"(anonymous_1)","decl":{"start":{"line":28,"column":12},"end":{"line":28,"column":null}},"loc":{"start":{"line":28,"column":12},"end":{"line":149,"column":1}}},"1":{"name":"(anonymous_2)","decl":{"start":{"line":34,"column":12},"end":{"line":34,"column":null}},"loc":{"start":{"line":34,"column":12},"end":{"line":38,"column":3}}},"2":{"name":"(anonymous_3)","decl":{"start":{"line":40,"column":27},"end":{"line":40,"column":null}},"loc":{"start":{"line":40,"column":27},"end":{"line":42,"column":3}}}},"branchMap":{"0":{"loc":{"start":{"line":31,"column":21},"end":{"line":31,"column":64}},"type":"binary-expr","locations":[{"start":{"line":31,"column":21},"end":{"line":31,"column":35}},{"start":{"line":31,"column":39},"end":{"line":31,"column":64}}]},"1":{"loc":{"start":{"line":47,"column":24},"end":{"line":47,"column":46}},"type":"binary-expr","locations":[{"start":{"line":47,"column":24},"end":{"line":47,"column":34}},{"start":{"line":47,"column":38},"end":{"line":47,"column":46}}]},"2":{"loc":{"start":{"line":119,"column":7},"end":{"line":145,"column":null}},"type":"binary-expr","locations":[{"start":{"line":119,"column":7},"end":{"line":119,"column":17}},{"start":{"line":120,"column":8},"end":{"line":144,"column":null}}]}},"s":{"0":0,"1":0,"2":0,"3":0,"4":0,"5":0,"6":0,"7":0,"8":0,"9":0,"10":0,"11":0,"12":0,"13":0,"14":0,"15":0,"16":0,"17":0,"18":0,"19":0,"20":0},"f":{"0":0,"1":0,"2":0},"b":{"0":[0,0],"1":[0,0],"2":[0,0]}}
,"C:\\Users\\12\\dev\\stellar-burgers\\src\\components\\app-header\\app-header.tsx": {"path":"C:\\Users\\12\\dev\\stellar-burgers\\src\\components\\app-header\\app-header.tsx","statementMap":{"0":{"start":{"line":2,"column":0},"end":{"line":2,"column":34}},"1":{"start":{"line":3,"column":0},"end":{"line":3,"column":51}},"2":{"start":{"line":4,"column":0},"end":{"line":4,"column":51}},"3":{"start":{"line":6,"column":29},"end":{"line":10,"column":1}},"4":{"start":{"line":7,"column":15},"end":{"line":7,"column":35}},"5":{"start":{"line":9,"column":2},"end":{"line":9,"column":53}},"6":{"start":{"line":6,"column":13},"end":{"line":6,"column":29}}},"fnMap":{"0":{"name":"(anonymous_0)","decl":{"start":{"line":6,"column":29},"end":{"line":6,"column":null}},"loc":{"start":{"line":6,"column":29},"end":{"line":10,"column":1}}}},"branchMap":{"0":{"loc":{"start":{"line":9,"column":32},"end":{"line":9,"column":48}},"type":"binary-expr","locations":[{"start":{"line":9,"column":32},"end":{"line":9,"column":42}},{"start":{"line":9,"column":46},"end":{"line":9,"column":48}}]},"1":{"loc":{"start":{"line":9,"column":32},"end":{"line":9,"column":42}},"type":"cond-expr","locations":[{"start":{"line":9,"column":36},"end":{"line":9,"column":38}},{"start":{"line":9,"column":32},"end":{"line":9,"column":42}}]},"2":{"loc":{"start":{"line":9,"column":32},"end":{"line":9,"column":38}},"type":"binary-expr","locations":[{"start":{"line":9,"column":32},"end":{"line":9,"column":38}},{"start":{"line":9,"column":32},"end":{"line":9,"column":38}}]}},"s":{"0":0,"1":0,"2":0,"3":0,"4":0,"5":0,"6":0},"f":{"0":0},"b":{"0":[0,0],"1":[0,0],"2":[0,0]}}
,"C:\\Users\\12\\dev\\stellar-burgers\\src\\components\\burger-constructor\\burger-constructor.tsx": {"path":"C:\\Users\\12\\dev\\stellar-burgers\\src\\components\\burger-constructor\\burger-constructor.tsx","statementMap":{"0":{"start":{"line":2,"column":0},"end":{"line":2,"column":64}},"1":{"start":{"line":3,"column":0},"end":{"line":3,"column":47}},"2":{"start":{"line":4,"column":0},"end":{"line":4,"column":42}},"3":{"start":{"line":5,"column":0},"end":{"line":5,"column":null}},"4":{"start":{"line":13,"column":0},"end":{"line":13,"column":75}},"5":{"start":{"line":15,"column":37},"end":{"line":72,"column":1}},"6":{"start":{"line":16,"column":19},"end":{"line":16,"column":32}},"7":{"start":{"line":17,"column":19},"end":{"line":17,"column":32}},"8":{"start":{"line":19,"column":14},"end":{"line":19,"column":44}},"9":{"start":{"line":20,"column":22},"end":{"line":20,"column":60}},"10":{"start":{"line":21,"column":16},"end":{"line":21,"column":42}},"11":{"start":{"line":22,"column":16},"end":{"line":22,"column":37}},"12":{"start":{"line":23,"column":23},"end":{"line":23,"column":51}},"13":{"start":{"line":24,"column":15},"end":{"line":24,"column":35}},"14":{"start":{"line":26,"column":27},"end":{"line":29,"column":4}},"15":{"start":{"line":31,"column":23},"end":{"line":56,"column":3}},"16":{"start":{"line":32,"column":4},"end":{"line":32,"column":54}},"17":{"start":{"line":32,"column":47},"end":{"line":32,"column":54}},"18":{"start":{"line":35,"column":4},"end":{"line":38,"column":5}},"19":{"start":{"line":36,"column":6},"end":{"line":36,"column":25}},"20":{"start":{"line":37,"column":6},"end":{"line":37,"column":13}},"21":{"start":{"line":41,"column":36},"end":{"line":41,"column":38}},"22":{"start":{"line":43,"column":4},"end":{"line":45,"column":5}},"23":{"start":{"line":44,"column":6},"end":{"line":44,"column":34}},"24":{"start":{"line":47,"column":4},"end":{"line":49,"column":7}},"25":{"start":{"line":48,"column":6},"end":{"line":48,"column":41}},"26":{"start":{"line":51,"column":4},"end":{"line":53,"column":5}},"27":{"start":{"line":52,"column":6},"end":{"line":52,"column":34}},"28":{"start":{"line":55,"column":4},"end":{"line":55,"column":41}},"29":{"start":{"line":58,"column":26},"end":{"line":60,"column":3}},"30":{"start":{"line":59,"column":4},"end":{"line":59,"column":27}},"31":{"start":{"line":62,"column":2},"end":{"line":71,"column":4}},"32":{"start":{"line":15,"column":13},"end":{"line":15,"column":37}}},"fnMap":{"0":{"name":"(anonymous_0)","decl":{"start":{"line":15,"column":37},"end":{"line":15,"column":null}},"loc":{"start":{"line":15,"column":37},"end":{"line":72,"column":1}}},"1":{"name":"(anonymous_1)","decl":{"start":{"line":31,"column":23},"end":{"line":31,"column":null}},"loc":{"start":{"line":31,"column":23},"end":{"line":56,"column":3}}},"2":{"name":"(anonymous_2)","decl":{"start":{"line":47,"column":24},"end":{"line":47,"column":25}},"loc":{"start":{"line":47,"column":35},"end":{"line":49,"column":5}}},"3":{"name":"(anonymous_3)","decl":{"start":{"line":58,"column":26},"end":{"line":58,"column":null}},"loc":{"start":{"line":58,"column":26},"end":{"line":60,"column":3}}}},"branchMap":{"0":{"loc":{"start":{"line":27,"column":9},"end":{"line":27,"column":20}},"type":"binary-expr","locations":[{"start":{"line":27,"column":9},"end":{"line":27,"column":12}},{"start":{"line":27,"column":16},"end":{"line":27,"column":20}}]},"1":{"loc":{"start":{"line":28,"column":17},"end":{"line":28,"column":34}},"type":"binary-expr","locations":[{"start":{"line":28,"column":17},"end":{"line":28,"column":28}},{"start":{"line":28,"column":32},"end":{"line":28,"column":34}}]},"2":{"loc":{"start":{"line":32,"column":4},"end":{"line":32,"column":54}},"type":"if","locations":[{"start":{"line":32,"column":4},"end":{"line":32,"column":54}}]},"3":{"loc":{"start":{"line":32,"column":8},"end":{"line":32,"column":45}},"type":"binary-expr","locations":[{"start":{"line":32,"column":8},"end":{"line":32,"column":29}},{"start":{"line":32,"column":33},"end":{"line":32,"column":45}}]},"4":{"loc":{"start":{"line":35,"column":4},"end":{"line":38,"column":5}},"type":"if","locations":[{"start":{"line":35,"column":4},"end":{"line":38,"column":5}}]},"5":{"loc":{"start":{"line":43,"column":4},"end":{"line":45,"column":5}},"type":"if","locations":[{"start":{"line":43,"column":4},"end":{"line":45,"column":5}}]},"6":{"loc":{"start":{"line":51,"column":4},"end":{"line":53,"column":5}},"type":"if","locations":[{"start":{"line":51,"column":4},"end":{"line":53,"column":5}}]}},"s":{"0":0,"1":0,"2":0,"3":0,"4":0,"5":0,"6":0,"7":0,"8":0,"9":0,"10":0,"11":0,"12":0,"13":0,"14":0,"15":0,"16":0,"17":0,"18":0,"19":0,"20":0,"21":0,"22":0,"23":0,"24":0,"25":0,"26":0,"27":0,"28":0,"29":0,"30":0,"31":0,"32":0},"f":{"0":0,"1":0,"2":0,"3":0},"b":{"0":[0,0],"1":[0,0],"2":[0],"3":[0,0],"4":[0],"5":[0],"6":[0]}}
,"C:\\Users\\12\\dev\\stellar-burgers\\src\\components\\burger-constructor-element\\burger-constructor-element.tsx": {"path":"C:\\Users\\12\\dev\\stellar-burgers\\src\\components\\burger-constructor-element\\burger-constructor-element.tsx","statementMap":{"0":{"start":{"line":1,"column":0},"end":{"line":1,"column":33}},"1":{"start":{"line":2,"column":0},"end":{"line":2,"column":51}},"2":{"start":{"line":3,"column":0},"end":{"line":3,"column":49}},"3":{"start":{"line":5,"column":0},"end":{"line":5,"column":null}},"4":{"start":{"line":10,"column":13},"end":{"line":51,"column":2}},"5":{"start":{"line":11,"column":15},"end":{"line":11,"column":17}},"6":{"start":{"line":11,"column":22},"end":{"line":11,"column":24}},"7":{"start":{"line":11,"column":34},"end":{"line":11,"column":36}},"8":{"start":{"line":12,"column":21},"end":{"line":12,"column":34}},"9":{"start":{"line":14,"column":27},"end":{"line":23,"column":5}},"10":{"start":{"line":15,"column":6},"end":{"line":22,"column":7}},"11":{"start":{"line":16,"column":8},"end":{"line":21,"column":10}},"12":{"start":{"line":25,"column":25},"end":{"line":34,"column":5}},"13":{"start":{"line":26,"column":6},"end":{"line":33,"column":7}},"14":{"start":{"line":27,"column":8},"end":{"line":32,"column":10}},"15":{"start":{"line":36,"column":24},"end":{"line":38,"column":5}},"16":{"start":{"line":37,"column":6},"end":{"line":37,"column":48}},"17":{"start":{"line":40,"column":4},"end":{"line":49,"column":6}}},"fnMap":{"0":{"name":"(anonymous_0)","decl":{"start":{"line":11,"column":2},"end":{"line":11,"column":3}},"loc":{"start":{"line":11,"column":36},"end":{"line":50,"column":3}}},"1":{"name":"(anonymous_1)","decl":{"start":{"line":14,"column":27},"end":{"line":14,"column":null}},"loc":{"start":{"line":14,"column":27},"end":{"line":23,"column":5}}},"2":{"name":"(anonymous_2)","decl":{"start":{"line":25,"column":25},"end":{"line":25,"column":null}},"loc":{"start":{"line":25,"column":25},"end":{"line":34,"column":5}}},"3":{"name":"(anonymous_3)","decl":{"start":{"line":36,"column":24},"end":{"line":36,"column":null}},"loc":{"start":{"line":36,"column":24},"end":{"line":38,"column":5}}}},"branchMap":{"0":{"loc":{"start":{"line":15,"column":6},"end":{"line":22,"column":7}},"type":"if","locations":[{"start":{"line":15,"column":6},"end":{"line":22,"column":7}}]},"1":{"loc":{"start":{"line":26,"column":6},"end":{"line":33,"column":7}},"type":"if","locations":[{"start":{"line":26,"column":6},"end":{"line":33,"column":7}}]}},"s":{"0":0,"1":0,"2":0,"3":0,"4":0,"5":0,"6":0,"7":0,"8":0,"9":0,"10":0,"11":0,"12":0,"13":0,"14":0,"15":0,"16":0,"17":0},"f":{"0":0,"1":0,"2":0,"3":0},"b":{"0":[0],"1":[0]}}
,"C:\\Users\\12\\dev\\stellar-burgers\\src\\components\\burger-ingredient\\burger-ingredient.tsx": {"path":"C:\\Users\\12\\dev\\stellar-burgers\\src\\components\\burger-ingredient\\burger-ingredient.tsx","statementMap":{"0":{"start":{"line":1,"column":0},"end":{"line":1,"column":33}},"1":{"start":{"line":2,"column":0},"end":{"line":2,"column":60}},"2":{"start":{"line":3,"column":0},"end":{"line":3,"column":51}},"3":{"start":{"line":4,"column":0},"end":{"line":4,"column":41}},"4":{"start":{"line":6,"column":0},"end":{"line":6,"column":79}},"5":{"start":{"line":9,"column":13},"end":{"line":37,"column":2}},"6":{"start":{"line":10,"column":15},"end":{"line":10,"column":17}},"7":{"start":{"line":10,"column":22},"end":{"line":10,"column":24}},"8":{"start":{"line":11,"column":21},"end":{"line":11,"column":34}},"9":{"start":{"line":12,"column":21},"end":{"line":12,"column":34}},"10":{"start":{"line":14,"column":22},"end":{"line":26,"column":5}},"11":{"start":{"line":15,"column":6},"end":{"line":25,"column":7}},"12":{"start":{"line":16,"column":8},"end":{"line":16,"column":37}},"13":{"start":{"line":19,"column":30},"end":{"line":21,"column":null}},"14":{"start":{"line":24,"column":8},"end":{"line":24,"column":50}},"15":{"start":{"line":28,"column":4},"end":{"line":35,"column":6}}},"fnMap":{"0":{"name":"(anonymous_2)","decl":{"start":{"line":10,"column":2},"end":{"line":10,"column":3}},"loc":{"start":{"line":10,"column":24},"end":{"line":36,"column":3}}},"1":{"name":"(anonymous_3)","decl":{"start":{"line":14,"column":22},"end":{"line":14,"column":null}},"loc":{"start":{"line":14,"column":22},"end":{"line":26,"column":5}}}},"branchMap":{"0":{"loc":{"start":{"line":15,"column":6},"end":{"line":25,"column":7}},"type":"if","locations":[{"start":{"line":15,"column":6},"end":{"line":25,"column":7}},{"start":{"line":17,"column":13},"end":{"line":25,"column":7}}]}},"s":{"0":0,"1":0,"2":0,"3":0,"4":0,"5":0,"6":0,"7":0,"8":0,"9":0,"10":0,"11":0,"12":0,"13":0,"14":0,"15":0},"f":{"0":0,"1":0},"b":{"0":[0,0]}}
,"C:\\Users\\12\\dev\\stellar-burgers\\src\\components\\burger-ingredients\\burger-ingredients.tsx": {"path":"C:\\Users\\12\\dev\\stellar-burgers\\src\\components\\burger-ingredients\\burger-ingredients.tsx","statementMap":{"0":{"start":{"line":1,"column":0},"end":{"line":1,"column":56}},"1":{"start":{"line":2,"column":0},"end":{"line":2,"column":56}},"2":{"start":{"line":3,"column":0},"end":{"line":3,"column":51}},"3":{"start":{"line":5,"column":0},"end":{"line":5,"column":63}},"4":{"start":{"line":6,"column":0},"end":{"line":6,"column":72}},"5":{"start":{"line":8,"column":37},"end":{"line":65,"column":1}},"6":{"start":{"line":9,"column":15},"end":{"line":9,"column":35}},"7":{"start":{"line":10,"column":16},"end":{"line":10,"column":37}},"8":{"start":{"line":11,"column":17},"end":{"line":11,"column":39}},"9":{"start":{"line":13,"column":38},"end":{"line":13,"column":63}},"10":{"start":{"line":13,"column":19},"end":{"line":13,"column":21}},"11":{"start":{"line":13,"column":34},"end":{"line":13,"column":38}},"12":{"start":{"line":14,"column":22},"end":{"line":14,"column":54}},"13":{"start":{"line":15,"column":23},"end":{"line":15,"column":55}},"14":{"start":{"line":16,"column":25},"end":{"line":16,"column":57}},"15":{"start":{"line":18,"column":32},"end":{"line":20,"column":4}},"16":{"start":{"line":18,"column":16},"end":{"line":18,"column":18}},"17":{"start":{"line":18,"column":28},"end":{"line":18,"column":32}},"18":{"start":{"line":22,"column":36},"end":{"line":24,"column":4}},"19":{"start":{"line":22,"column":17},"end":{"line":22,"column":19}},"20":{"start":{"line":22,"column":32},"end":{"line":22,"column":36}},"21":{"start":{"line":26,"column":36},"end":{"line":28,"column":4}},"22":{"start":{"line":26,"column":18},"end":{"line":26,"column":20}},"23":{"start":{"line":26,"column":32},"end":{"line":26,"column":36}},"24":{"start":{"line":30,"column":2},"end":{"line":38,"column":48}},"25":{"start":{"line":31,"column":4},"end":{"line":37,"column":5}},"26":{"start":{"line":32,"column":6},"end":{"line":32,"column":27}},"27":{"start":{"line":33,"column":11},"end":{"line":37,"column":5}},"28":{"start":{"line":34,"column":6},"end":{"line":34,"column":29}},"29":{"start":{"line":35,"column":11},"end":{"line":37,"column":5}},"30":{"start":{"line":36,"column":6},"end":{"line":36,"column":28}},"31":{"start":{"line":40,"column":21},"end":{"line":48,"column":3}},"32":{"start":{"line":41,"column":4},"end":{"line":41,"column":35}},"33":{"start":{"line":42,"column":4},"end":{"line":43,"column":66}},"34":{"start":{"line":43,"column":6},"end":{"line":43,"column":66}},"35":{"start":{"line":44,"column":4},"end":{"line":45,"column":67}},"36":{"start":{"line":45,"column":6},"end":{"line":45,"column":67}},"37":{"start":{"line":46,"column":4},"end":{"line":47,"column":69}},"38":{"start":{"line":47,"column":6},"end":{"line":47,"column":69}},"39":{"start":{"line":50,"column":2},"end":{"line":64,"column":4}},"40":{"start":{"line":8,"column":13},"end":{"line":8,"column":37}}},"fnMap":{"0":{"name":"(anonymous_0)","decl":{"start":{"line":8,"column":37},"end":{"line":8,"column":null}},"loc":{"start":{"line":8,"column":37},"end":{"line":65,"column":1}}},"1":{"name":"(anonymous_1)","decl":{"start":{"line":30,"column":12},"end":{"line":30,"column":null}},"loc":{"start":{"line":30,"column":12},"end":{"line":38,"column":3}}},"2":{"name":"(anonymous_2)","decl":{"start":{"line":40,"column":21},"end":{"line":40,"column":22}},"loc":{"start":{"line":40,"column":33},"end":{"line":48,"column":3}}}},"branchMap":{"0":{"loc":{"start":{"line":31,"column":4},"end":{"line":37,"column":5}},"type":"if","locations":[{"start":{"line":31,"column":4},"end":{"line":37,"column":5}},{"start":{"line":33,"column":11},"end":{"line":37,"column":5}}]},"1":{"loc":{"start":{"line":33,"column":11},"end":{"line":37,"column":5}},"type":"if","locations":[{"start":{"line":33,"column":11},"end":{"line":37,"column":5}},{"start":{"line":35,"column":11},"end":{"line":37,"column":5}}]},"2":{"loc":{"start":{"line":35,"column":11},"end":{"line":37,"column":5}},"type":"if","locations":[{"start":{"line":35,"column":11},"end":{"line":37,"column":5}}]},"3":{"loc":{"start":{"line":42,"column":4},"end":{"line":43,"column":66}},"type":"if","locations":[{"start":{"line":42,"column":4},"end":{"line":43,"column":66}}]},"4":{"loc":{"start":{"line":43,"column":6},"end":{"line":43,"column":65}},"type":"cond-expr","locations":[{"start":{"line":43,"column":25},"end":{"line":43,"column":27}},{"start":{"line":43,"column":25},"end":{"line":43,"column":65}}]},"5":{"loc":{"start":{"line":43,"column":6},"end":{"line":43,"column":27}},"type":"binary-expr","locations":[{"start":{"line":43,"column":6},"end":{"line":43,"column":27}},{"start":{"line":43,"column":25},"end":{"line":43,"column":27}}]},"6":{"loc":{"start":{"line":44,"column":4},"end":{"line":45,"column":67}},"type":"if","locations":[{"start":{"line":44,"column":4},"end":{"line":45,"column":67}}]},"7":{"loc":{"start":{"line":45,"column":6},"end":{"line":45,"column":66}},"type":"cond-expr","locations":[{"start":{"line":45,"column":26},"end":{"line":45,"column":28}},{"start":{"line":45,"column":26},"end":{"line":45,"column":66}}]},"8":{"loc":{"start":{"line":45,"column":6},"end":{"line":45,"column":28}},"type":"binary-expr","locations":[{"start":{"line":45,"column":6},"end":{"line":45,"column":28}},{"start":{"line":45,"column":26},"end":{"line":45,"column":28}}]},"9":{"loc":{"start":{"line":46,"column":4},"end":{"line":47,"column":69}},"type":"if","locations":[{"start":{"line":46,"column":4},"end":{"line":47,"column":69}}]},"10":{"loc":{"start":{"line":47,"column":6},"end":{"line":47,"column":68}},"type":"cond-expr","locations":[{"start":{"line":47,"column":28},"end":{"line":47,"column":30}},{"start":{"line":47,"column":28},"end":{"line":47,"column":68}}]},"11":{"loc":{"start":{"line":47,"column":6},"end":{"line":47,"column":30}},"type":"binary-expr","locations":[{"start":{"line":47,"column":6},"end":{"line":47,"column":30}},{"start":{"line":47,"column":28},"end":{"line":47,"column":30}}]}},"s":{"0":0,"1":0,"2":0,"3":0,"4":0,"5":0,"6":0,"7":0,"8":0,"9":0,"10":0,"11":0,"12":0,"13":0,"14":0,"15":0,"16":0,"17":0,"18":0,"19":0,"20":0,"21":0,"22":0,"23":0,"24":0,"25":0,"26":0,"27":0,"28":0,"29":0,"30":0,"31":0,"32":0,"33":0,"34":0,"35":0,"36":0,"37":0,"38":0,"39":0,"40":0},"f":{"0":0,"1":0,"2":0},"b":{"0":[0,0],"1":[0,0],"2":[0],"3":[0],"4":[0,0],"5":[0,0],"6":[0],"7":[0,0],"8":[0,0],"9":[0],"10":[0,0],"11":[0,0]}}
,"C:\\Users\\12\\dev\\stellar-burgers\\src\\components\\feed-info\\feed-info.tsx": {"path":"C:\\Users\\12\\dev\\stellar-burgers\\src\\components\\feed-info\\feed-info.tsx","statementMap":{"0":{"start":{"line":2,"column":0},"end":{"line":2,"column":51}},"1":{"start":{"line":4,"column":0},"end":{"line":4,"column":45}},"2":{"start":{"line":5,"column":0},"end":{"line":5,"column":null}},"3":{"start":{"line":11,"column":18},"end":{"line":12,"column":8}},"4":{"start":{"line":12,"column":2},"end":{"line":15,"column":18}},"5":{"start":{"line":13,"column":22},"end":{"line":13,"column":45}},"6":{"start":{"line":14,"column":19},"end":{"line":14,"column":31}},"7":{"start":{"line":20,"column":5},"end":{"line":35,"column":1}},"8":{"start":{"line":21,"column":17},"end":{"line":21,"column":43}},"9":{"start":{"line":22,"column":16},"end":{"line":22,"column":41}},"10":{"start":{"line":23,"column":21},"end":{"line":23,"column":51}},"11":{"start":{"line":25,"column":22},"end":{"line":25,"column":47}},"12":{"start":{"line":26,"column":24},"end":{"line":26,"column":52}},"13":{"start":{"line":28,"column":2},"end":{"line":34,"column":4}},"14":{"start":{"line":18,"column":13},"end":{"line":18,"column":null}}},"fnMap":{"0":{"name":"(anonymous_0)","decl":{"start":{"line":11,"column":18},"end":{"line":11,"column":19}},"loc":{"start":{"line":11,"column":51},"end":{"line":12,"column":8}}},"1":{"name":"(anonymous_1)","decl":{"start":{"line":13,"column":12},"end":{"line":13,"column":13}},"loc":{"start":{"line":13,"column":17},"end":{"line":13,"column":26}}},"2":{"name":"(anonymous_2)","decl":{"start":{"line":14,"column":9},"end":{"line":14,"column":10}},"loc":{"start":{"line":14,"column":14},"end":{"line":14,"column":23}}},"3":{"name":"(anonymous_3)","decl":{"start":{"line":20,"column":5},"end":{"line":20,"column":null}},"loc":{"start":{"line":20,"column":5},"end":{"line":35,"column":1}}}},"branchMap":{},"s":{"0":0,"1":0,"2":0,"3":0,"4":0,"5":0,"6":0,"7":0,"8":0,"9":0,"10":0,"11":0,"12":0,"13":0,"14":0},"f":{"0":0,"1":0,"2":0,"3":0},"b":{}}
,"C:\\Users\\12\\dev\\stellar-burgers\\src\\components\\ingredient-details\\ingredient-details.tsx": {"path":"C:\\Users\\12\\dev\\stellar-burgers\\src\\components\\ingredient-details\\ingredient-details.tsx","statementMap":{"0":{"start":{"line":2,"column":0},"end":{"line":2,"column":45}},"1":{"start":{"line":3,"column":0},"end":{"line":3,"column":51}},"2":{"start":{"line":4,"column":0},"end":{"line":4,"column":44}},"3":{"start":{"line":5,"column":0},"end":{"line":5,"column":63}},"4":{"start":{"line":6,"column":0},"end":{"line":6,"column":58}},"5":{"start":{"line":8,"column":37},"end":{"line":21,"column":1}},"6":{"start":{"line":9,"column":17},"end":{"line":9,"column":45}},"7":{"start":{"line":10,"column":22},"end":{"line":10,"column":49}},"8":{"start":{"line":12,"column":25},"end":{"line":13,"column":null}},"9":{"start":{"line":13,"column":20},"end":{"line":13,"column":null}},"10":{"start":{"line":16,"column":2},"end":{"line":18,"column":3}},"11":{"start":{"line":17,"column":4},"end":{"line":17,"column":25}},"12":{"start":{"line":20,"column":2},"end":{"line":20,"column":65}},"13":{"start":{"line":8,"column":13},"end":{"line":8,"column":37}}},"fnMap":{"0":{"name":"(anonymous_0)","decl":{"start":{"line":8,"column":37},"end":{"line":8,"column":null}},"loc":{"start":{"line":8,"column":37},"end":{"line":21,"column":1}}},"1":{"name":"(anonymous_1)","decl":{"start":{"line":13,"column":4},"end":{"line":13,"column":5}},"loc":{"start":{"line":13,"column":15},"end":{"line":13,"column":30}}}},"branchMap":{"0":{"loc":{"start":{"line":16,"column":2},"end":{"line":18,"column":3}},"type":"if","locations":[{"start":{"line":16,"column":2},"end":{"line":18,"column":3}}]}},"s":{"0":0,"1":0,"2":0,"3":0,"4":0,"5":0,"6":0,"7":0,"8":0,"9":0,"10":0,"11":0,"12":0,"13":0},"f":{"0":0,"1":0},"b":{"0":[0]}}
,"C:\\Users\\12\\dev\\stellar-burgers\\src\\components\\ingredients-category\\ingredients-category.tsx": {"path":"C:\\Users\\12\\dev\\stellar-burgers\\src\\components\\ingredients-category\\ingredients-category.tsx","statementMap":{"0":{"start":{"line":1,"column":0},"end":{"line":1,"column":44}},"1":{"start":{"line":2,"column":0},"end":{"line":2,"column":51}},"2":{"start":{"line":5,"column":0},"end":{"line":5,"column":67}},"3":{"start":{"line":6,"column":0},"end":{"line":6,"column":null}},"4":{"start":{"line":11,"column":13},"end":{"line":45,"column":3}},"5":{"start":{"line":14,"column":10},"end":{"line":14,"column":12}},"6":{"start":{"line":14,"column":20},"end":{"line":14,"column":22}},"7":{"start":{"line":14,"column":33},"end":{"line":14,"column":35}},"8":{"start":{"line":16,"column":14},"end":{"line":16,"column":44}},"9":{"start":{"line":17,"column":33},"end":{"line":17,"column":71}},"10":{"start":{"line":19,"column":30},"end":{"line":34,"column":35}},"11":{"start":{"line":20,"column":48},"end":{"line":20,"column":50}},"12":{"start":{"line":23,"column":4},"end":{"line":26,"column":7}},"13":{"start":{"line":24,"column":6},"end":{"line":24,"column":66}},"14":{"start":{"line":24,"column":37},"end":{"line":24,"column":66}},"15":{"start":{"line":25,"column":6},"end":{"line":25,"column":33}},"16":{"start":{"line":29,"column":4},"end":{"line":31,"column":5}},"17":{"start":{"line":30,"column":6},"end":{"line":30,"column":28}},"18":{"start":{"line":33,"column":4},"end":{"line":33,"column":20}},"19":{"start":{"line":36,"column":2},"end":{"line":44,"column":4}}},"fnMap":{"0":{"name":"(anonymous_0)","decl":{"start":{"line":14,"column":2},"end":{"line":14,"column":3}},"loc":{"start":{"line":14,"column":40},"end":{"line":45,"column":1}}},"1":{"name":"(anonymous_1)","decl":{"start":{"line":19,"column":38},"end":{"line":19,"column":null}},"loc":{"start":{"line":19,"column":38},"end":{"line":34,"column":3}}},"2":{"name":"(anonymous_2)","decl":{"start":{"line":23,"column":35},"end":{"line":23,"column":36}},"loc":{"start":{"line":23,"column":59},"end":{"line":26,"column":5}}}},"branchMap":{"0":{"loc":{"start":{"line":24,"column":6},"end":{"line":24,"column":66}},"type":"if","locations":[{"start":{"line":24,"column":6},"end":{"line":24,"column":66}}]},"1":{"loc":{"start":{"line":29,"column":4},"end":{"line":31,"column":5}},"type":"if","locations":[{"start":{"line":29,"column":4},"end":{"line":31,"column":5}}]}},"s":{"0":0,"1":0,"2":0,"3":0,"4":0,"5":0,"6":0,"7":0,"8":0,"9":0,"10":0,"11":0,"12":0,"13":0,"14":0,"15":0,"16":0,"17":0,"18":0,"19":0},"f":{"0":0,"1":0,"2":0},"b":{"0":[0],"1":[0]}}
,"C:\\Users\\12\\dev\\stellar-burgers\\src\\components\\modal\\modal.tsx": {"path":"C:\\Users\\12\\dev\\stellar-burgers\\src\\components\\modal\\modal.tsx","statementMap":{"0":{"start":{"line":1,"column":0},"end":{"line":1,"column":44}},"1":{"start":{"line":2,"column":0},"end":{"line":2,"column":33}},"2":{"start":{"line":5,"column":0},"end":{"line":5,"column":30}},"3":{"start":{"line":7,"column":18},"end":{"line":7,"column":51}},"4":{"start":{"line":9,"column":13},"end":{"line":27,"column":3}},"5":{"start":{"line":9,"column":51},"end":{"line":9,"column":53}},"6":{"start":{"line":9,"column":60},"end":{"line":9,"column":62}},"7":{"start":{"line":9,"column":70},"end":{"line":9,"column":72}},"8":{"start":{"line":10,"column":2},"end":{"line":19,"column":16}},"9":{"start":{"line":11,"column":22},"end":{"line":13,"column":5}},"10":{"start":{"line":12,"column":6},"end":{"line":12,"column":38}},"11":{"start":{"line":15,"column":4},"end":{"line":15,"column":52}},"12":{"start":{"line":16,"column":4},"end":{"line":18,"column":6}},"13":{"start":{"line":17,"column":6},"end":{"line":17,"column":57}},"14":{"start":{"line":21,"column":2},"end":{"line":26,"column":4}}},"fnMap":{"0":{"name":"(anonymous_1)","decl":{"start":{"line":9,"column":43},"end":{"line":9,"column":44}},"loc":{"start":{"line":9,"column":72},"end":{"line":27,"column":1}}},"1":{"name":"(anonymous_2)","decl":{"start":{"line":10,"column":12},"end":{"line":10,"column":null}},"loc":{"start":{"line":10,"column":12},"end":{"line":19,"column":3}}},"2":{"name":"(anonymous_3)","decl":{"start":{"line":11,"column":22},"end":{"line":11,"column":23}},"loc":{"start":{"line":11,"column":39},"end":{"line":13,"column":5}}},"3":{"name":"(anonymous_4)","decl":{"start":{"line":16,"column":11},"end":{"line":16,"column":null}},"loc":{"start":{"line":16,"column":11},"end":{"line":18,"column":5}}}},"branchMap":{"0":{"loc":{"start":{"line":12,"column":6},"end":{"line":12,"column":37}},"type":"binary-expr","locations":[{"start":{"line":12,"column":6},"end":{"line":12,"column":24}},{"start":{"line":12,"column":28},"end":{"line":12,"column":37}}]}},"s":{"0":0,"1":0,"2":0,"3":0,"4":0,"5":0,"6":0,"7":0,"8":0,"9":0,"10":0,"11":0,"12":0,"13":0,"14":0},"f":{"0":0,"1":0,"2":0,"3":0},"b":{"0":[0,0]}}
,"C:\\Users\\12\\dev\\stellar-burgers\\src\\components\\order-card\\order-card.tsx": {"path":"C:\\Users\\12\\dev\\stellar-burgers\\src\\components\\order-card\\order-card.tsx","statementMap":{"0":{"start":{"line":1,"column":0},"end":{"line":1,"column":42}},"1":{"start":{"line":2,"column":0},"end":{"line":2,"column":58}},"2":{"start":{"line":3,"column":0},"end":{"line":3,"column":51}},"3":{"start":{"line":6,"column":0},"end":{"line":6,"column":47}},"4":{"start":{"line":7,"column":0},"end":{"line":7,"column":58}},"5":{"start":{"line":9,"column":23},"end":{"line":9,"column":24}},"6":{"start":{"line":11,"column":13},"end":{"line":69,"column":3}},"7":{"start":{"line":11,"column":58},"end":{"line":11,"column":60}},"8":{"start":{"line":12,"column":19},"end":{"line":12,"column":32}},"9":{"start":{"line":13,"column":23},"end":{"line":13,"column":32}},"10":{"start":{"line":16,"column":22},"end":{"line":16,"column":49}},"11":{"start":{"line":18,"column":20},"end":{"line":58,"column":36}},"12":{"start":{"line":19,"column":4},"end":{"line":19,"column":41}},"13":{"start":{"line":19,"column":29},"end":{"line":19,"column":41}},"14":{"start":{"line":21,"column":28},"end":{"line":27,"column":null}},"15":{"start":{"line":23,"column":27},"end":{"line":23,"column":70}},"16":{"start":{"line":23,"column":53},"end":{"line":23,"column":70}},"17":{"start":{"line":24,"column":8},"end":{"line":24,"column":52}},"18":{"start":{"line":24,"column":24},"end":{"line":24,"column":52}},"19":{"start":{"line":25,"column":8},"end":{"line":25,"column":19}},"20":{"start":{"line":30,"column":18},"end":{"line":30,"column":76}},"21":{"start":{"line":30,"column":56},"end":{"line":30,"column":74}},"22":{"start":{"line":32,"column":30},"end":{"line":32,"column":70}},"23":{"start":{"line":35,"column":6},"end":{"line":37,"column":11}},"24":{"start":{"line":39,"column":17},"end":{"line":39,"column":42}},"25":{"start":{"line":42,"column":17},"end":{"line":42,"column":19}},"26":{"start":{"line":43,"column":4},"end":{"line":47,"column":5}},"27":{"start":{"line":44,"column":6},"end":{"line":44,"column":39}},"28":{"start":{"line":45,"column":11},"end":{"line":47,"column":5}},"29":{"start":{"line":46,"column":6},"end":{"line":46,"column":49}},"30":{"start":{"line":49,"column":4},"end":{"line":56,"column":null}},"31":{"start":{"line":60,"column":2},"end":{"line":60,"column":30}},"32":{"start":{"line":60,"column":18},"end":{"line":60,"column":30}},"33":{"start":{"line":62,"column":2},"end":{"line":68,"column":4}}},"fnMap":{"0":{"name":"(anonymous_3)","decl":{"start":{"line":11,"column":50},"end":{"line":11,"column":51}},"loc":{"start":{"line":11,"column":60},"end":{"line":69,"column":1}}},"1":{"name":"(anonymous_4)","decl":{"start":{"line":18,"column":28},"end":{"line":18,"column":null}},"loc":{"start":{"line":18,"column":28},"end":{"line":58,"column":3}}},"2":{"name":"(anonymous_5)","decl":{"start":{"line":22,"column":6},"end":{"line":22,"column":7}},"loc":{"start":{"line":22,"column":39},"end":{"line":26,"column":7}}},"3":{"name":"(anonymous_6)","decl":{"start":{"line":23,"column":44},"end":{"line":23,"column":45}},"loc":{"start":{"line":23,"column":48},"end":{"line":23,"column":56}}},"4":{"name":"(anonymous_7)","decl":{"start":{"line":30,"column":41},"end":{"line":30,"column":42}},"loc":{"start":{"line":30,"column":51},"end":{"line":30,"column":59}}}},"branchMap":{"0":{"loc":{"start":{"line":19,"column":4},"end":{"line":19,"column":41}},"type":"if","locations":[{"start":{"line":19,"column":4},"end":{"line":19,"column":41}}]},"1":{"loc":{"start":{"line":24,"column":8},"end":{"line":24,"column":52}},"type":"if","locations":[{"start":{"line":24,"column":8},"end":{"line":24,"column":52}}]},"2":{"loc":{"start":{"line":35,"column":6},"end":{"line":37,"column":11}},"type":"cond-expr","locations":[{"start":{"line":36,"column":10},"end":{"line":36,"column":49}},{"start":{"line":37,"column":10},"end":{"line":37,"column":11}}]},"3":{"loc":{"start":{"line":43,"column":4},"end":{"line":47,"column":5}},"type":"if","locations":[{"start":{"line":43,"column":4},"end":{"line":47,"column":5}},{"start":{"line":45,"column":11},"end":{"line":47,"column":5}}]},"4":{"loc":{"start":{"line":45,"column":11},"end":{"line":47,"column":5}},"type":"if","locations":[{"start":{"line":45,"column":11},"end":{"line":47,"column":5}}]},"5":{"loc":{"start":{"line":60,"column":2},"end":{"line":60,"column":30}},"type":"if","locations":[{"start":{"line":60,"column":2},"end":{"line":60,"column":30}}]}},"s":{"0":0,"1":0,"2":0,"3":0,"4":0,"5":0,"6":0,"7":0,"8":0,"9":0,"10":0,"11":0,"12":0,"13":0,"14":0,"15":0,"16":0,"17":0,"18":0,"19":0,"20":0,"21":0,"22":0,"23":0,"24":0,"25":0,"26":0,"27":0,"28":0,"29":0,"30":0,"31":0,"32":0,"33":0},"f":{"0":0,"1":0,"2":0,"3":0,"4":0},"b":{"0":[0],"1":[0],"2":[0,0],"3":[0,0],"4":[0],"5":[0]}}
,"C:\\Users\\12\\dev\\stellar-burgers\\src\\components\\order-info\\order-info.tsx": {"path":"C:\\Users\\12\\dev\\stellar-burgers\\src\\components\\order-info\\order-info.tsx","statementMap":{"0":{"start":{"line":1,"column":0},"end":{"line":1,"column":57}},"1":{"start":{"line":2,"column":0},"end":{"line":2,"column":45}},"2":{"start":{"line":3,"column":0},"end":{"line":3,"column":51}},"3":{"start":{"line":4,"column":0},"end":{"line":4,"column":44}},"4":{"start":{"line":5,"column":0},"end":{"line":5,"column":47}},"5":{"start":{"line":7,"column":0},"end":{"line":7,"column":58}},"6":{"start":{"line":8,"column":0},"end":{"line":8,"column":61}},"7":{"start":{"line":10,"column":29},"end":{"line":93,"column":1}},"8":{"start":{"line":11,"column":21},"end":{"line":11,"column":53}},"9":{"start":{"line":12,"column":36},"end":{"line":12,"column":65}},"10":{"start":{"line":12,"column":18},"end":{"line":12,"column":20}},"11":{"start":{"line":12,"column":32},"end":{"line":12,"column":36}},"12":{"start":{"line":13,"column":36},"end":{"line":13,"column":50}},"13":{"start":{"line":13,"column":18},"end":{"line":13,"column":20}},"14":{"start":{"line":13,"column":32},"end":{"line":13,"column":36}},"15":{"start":{"line":14,"column":28},"end":{"line":14,"column":57}},"16":{"start":{"line":14,"column":14},"end":{"line":14,"column":16}},"17":{"start":{"line":14,"column":24},"end":{"line":14,"column":28}},"18":{"start":{"line":16,"column":22},"end":{"line":16,"column":49}},"19":{"start":{"line":18,"column":2},"end":{"line":37,"column":15}},"20":{"start":{"line":19,"column":4},"end":{"line":36,"column":5}},"21":{"start":{"line":20,"column":6},"end":{"line":20,"column":25}},"22":{"start":{"line":21,"column":6},"end":{"line":21,"column":21}},"23":{"start":{"line":22,"column":6},"end":{"line":35,"column":11}},"24":{"start":{"line":24,"column":10},"end":{"line":28,"column":11}},"25":{"start":{"line":25,"column":12},"end":{"line":25,"column":45}},"26":{"start":{"line":27,"column":12},"end":{"line":27,"column":40}},"27":{"start":{"line":31,"column":10},"end":{"line":31,"column":64}},"28":{"start":{"line":34,"column":10},"end":{"line":34,"column":30}},"29":{"start":{"line":39,"column":20},"end":{"line":78,"column":30}},"30":{"start":{"line":40,"column":4},"end":{"line":40,"column":55}},"31":{"start":{"line":40,"column":43},"end":{"line":40,"column":55}},"32":{"start":{"line":42,"column":17},"end":{"line":42,"column":46}},"33":{"start":{"line":48,"column":28},"end":{"line":64,"column":null}},"34":{"start":{"line":50,"column":8},"end":{"line":60,"column":9}},"35":{"start":{"line":51,"column":29},"end":{"line":51,"column":72}},"36":{"start":{"line":51,"column":55},"end":{"line":51,"column":72}},"37":{"start":{"line":52,"column":10},"end":{"line":57,"column":11}},"38":{"start":{"line":53,"column":12},"end":{"line":56,"column":14}},"39":{"start":{"line":59,"column":10},"end":{"line":59,"column":28}},"40":{"start":{"line":62,"column":8},"end":{"line":62,"column":19}},"41":{"start":{"line":67,"column":18},"end":{"line":69,"column":null}},"42":{"start":{"line":68,"column":21},"end":{"line":68,"column":null}},"43":{"start":{"line":72,"column":4},"end":{"line":76,"column":null}},"44":{"start":{"line":80,"column":2},"end":{"line":82,"column":3}},"45":{"start":{"line":81,"column":4},"end":{"line":81,"column":25}},"46":{"start":{"line":84,"column":2},"end":{"line":90,"column":3}},"47":{"start":{"line":85,"column":4},"end":{"line":89,"column":6}},"48":{"start":{"line":92,"column":2},"end":{"line":92,"column":47}},"49":{"start":{"line":10,"column":13},"end":{"line":10,"column":29}}},"fnMap":{"0":{"name":"(anonymous_2)","decl":{"start":{"line":10,"column":29},"end":{"line":10,"column":null}},"loc":{"start":{"line":10,"column":29},"end":{"line":93,"column":1}}},"1":{"name":"(anonymous_3)","decl":{"start":{"line":18,"column":12},"end":{"line":18,"column":null}},"loc":{"start":{"line":18,"column":12},"end":{"line":37,"column":3}}},"2":{"name":"(anonymous_4)","decl":{"start":{"line":23,"column":14},"end":{"line":23,"column":15}},"loc":{"start":{"line":23,"column":23},"end":{"line":29,"column":9}}},"3":{"name":"(anonymous_5)","decl":{"start":{"line":30,"column":15},"end":{"line":30,"column":16}},"loc":{"start":{"line":30,"column":19},"end":{"line":32,"column":9}}},"4":{"name":"(anonymous_6)","decl":{"start":{"line":33,"column":17},"end":{"line":33,"column":null}},"loc":{"start":{"line":33,"column":17},"end":{"line":35,"column":9}}},"5":{"name":"(anonymous_7)","decl":{"start":{"line":39,"column":28},"end":{"line":39,"column":null}},"loc":{"start":{"line":39,"column":28},"end":{"line":78,"column":3}}},"6":{"name":"(anonymous_8)","decl":{"start":{"line":49,"column":6},"end":{"line":49,"column":7}},"loc":{"start":{"line":49,"column":39},"end":{"line":63,"column":7}}},"7":{"name":"(anonymous_9)","decl":{"start":{"line":51,"column":46},"end":{"line":51,"column":47}},"loc":{"start":{"line":51,"column":50},"end":{"line":51,"column":58}}},"8":{"name":"(anonymous_10)","decl":{"start":{"line":68,"column":6},"end":{"line":68,"column":7}},"loc":{"start":{"line":68,"column":16},"end":{"line":68,"column":24}}}},"branchMap":{"0":{"loc":{"start":{"line":19,"column":4},"end":{"line":36,"column":5}},"type":"if","locations":[{"start":{"line":19,"column":4},"end":{"line":36,"column":5}}]},"1":{"loc":{"start":{"line":24,"column":10},"end":{"line":28,"column":11}},"type":"if","locations":[{"start":{"line":24,"column":10},"end":{"line":28,"column":11}},{"start":{"line":26,"column":17},"end":{"line":28,"column":11}}]},"2":{"loc":{"start":{"line":24,"column":14},"end":{"line":24,"column":60}},"type":"binary-expr","locations":[{"start":{"line":24,"column":14},"end":{"line":24,"column":30}},{"start":{"line":24,"column":34},"end":{"line":24,"column":60}}]},"3":{"loc":{"start":{"line":31,"column":19},"end":{"line":31,"column":62}},"type":"binary-expr","locations":[{"start":{"line":31,"column":19},"end":{"line":31,"column":30}},{"start":{"line":31,"column":34},"end":{"line":31,"column":62}}]},"4":{"loc":{"start":{"line":40,"column":4},"end":{"line":40,"column":55}},"type":"if","locations":[{"start":{"line":40,"column":4},"end":{"line":40,"column":55}}]},"5":{"loc":{"start":{"line":40,"column":8},"end":{"line":40,"column":41}},"type":"binary-expr","locations":[{"start":{"line":40,"column":8},"end":{"line":40,"column":18}},{"start":{"line":40,"column":22},"end":{"line":40,"column":41}}]},"6":{"loc":{"start":{"line":50,"column":8},"end":{"line":60,"column":9}},"type":"if","locations":[{"start":{"line":50,"column":8},"end":{"line":60,"column":9}},{"start":{"line":58,"column":15},"end":{"line":60,"column":9}}]},"7":{"loc":{"start":{"line":52,"column":10},"end":{"line":57,"column":11}},"type":"if","locations":[{"start":{"line":52,"column":10},"end":{"line":57,"column":11}}]},"8":{"loc":{"start":{"line":80,"column":2},"end":{"line":82,"column":3}},"type":"if","locations":[{"start":{"line":80,"column":2},"end":{"line":82,"column":3}}]},"9":{"loc":{"start":{"line":84,"column":2},"end":{"line":90,"column":3}},"type":"if","locations":[{"start":{"line":84,"column":2},"end":{"line":90,"column":3}}]},"10":{"loc":{"start":{"line":84,"column":6},"end":{"line":84,"column":25}},"type":"binary-expr","locations":[{"start":{"line":84,"column":6},"end":{"line":84,"column":11}},{"start":{"line":84,"column":15},"end":{"line":84,"column":25}}]},"11":{"loc":{"start":{"line":87,"column":9},"end":{"line":87,"column":35}},"type":"binary-expr","locations":[{"start":{"line":87,"column":9},"end":{"line":87,"column":14}},{"start":{"line":87,"column":18},"end":{"line":87,"column":35}}]}},"s":{"0":0,"1":0,"2":0,"3":0,"4":0,"5":0,"6":0,"7":0,"8":0,"9":0,"10":0,"11":0,"12":0,"13":0,"14":0,"15":0,"16":0,"17":0,"18":0,"19":0,"20":0,"21":0,"22":0,"23":0,"24":0,"25":0,"26":0,"27":0,"28":0,"29":0,"30":0,"31":0,"32":0,"33":0,"34":0,"35":0,"36":0,"37":0,"38":0,"39":0,"40":0,"41":0,"42":0,"43":0,"44":0,"45":0,"46":0,"47":0,"48":0,"49":0},"f":{"0":0,"1":0,"2":0,"3":0,"4":0,"5":0,"6":0,"7":0,"8":0},"b":{"0":[0],"1":[0,0],"2":[0,0],"3":[0,0],"4":[0],"5":[0,0],"6":[0,0],"7":[0],"8":[0],"9":[0],"10":[0,0],"11":[0,0]}}
,"C:\\Users\\12\\dev\\stellar-burgers\\src\\components\\order-status\\order-status.tsx": {"path":"C:\\Users\\12\\dev\\stellar-burgers\\src\\components\\order-status\\order-status.tsx","statementMap":{"0":{"start":{"line":1,"column":0},"end":{"line":1,"column":34}},"1":{"start":{"line":3,"column":0},"end":{"line":3,"column":36}},"2":{"start":{"line":5,"column":46},"end":{"line":10,"column":2}},"3":{"start":{"line":12,"column":49},"end":{"line":32,"column":1}},"4":{"start":{"line":12,"column":58},"end":{"line":12,"column":60}},"5":{"start":{"line":13,"column":18},"end":{"line":13,"column":20}},"6":{"start":{"line":15,"column":2},"end":{"line":27,"column":3}},"7":{"start":{"line":17,"column":6},"end":{"line":17,"column":28}},"8":{"start":{"line":18,"column":6},"end":{"line":18,"column":12}},"9":{"start":{"line":20,"column":6},"end":{"line":20,"column":28}},"10":{"start":{"line":21,"column":6},"end":{"line":21,"column":12}},"11":{"start":{"line":23,"column":6},"end":{"line":23,"column":28}},"12":{"start":{"line":24,"column":6},"end":{"line":24,"column":12}},"13":{"start":{"line":26,"column":6},"end":{"line":26,"column":28}},"14":{"start":{"line":29,"column":2},"end":{"line":31,"column":4}},"15":{"start":{"line":12,"column":13},"end":{"line":12,"column":49}}},"fnMap":{"0":{"name":"(anonymous_1)","decl":{"start":{"line":12,"column":49},"end":{"line":12,"column":50}},"loc":{"start":{"line":12,"column":60},"end":{"line":32,"column":1}}}},"branchMap":{"0":{"loc":{"start":{"line":15,"column":2},"end":{"line":27,"column":3}},"type":"switch","locations":[{"start":{"line":16,"column":4},"end":{"line":18,"column":12}},{"start":{"line":19,"column":4},"end":{"line":21,"column":12}},{"start":{"line":22,"column":4},"end":{"line":24,"column":12}},{"start":{"line":25,"column":4},"end":{"line":26,"column":28}}]},"1":{"loc":{"start":{"line":30,"column":47},"end":{"line":30,"column":75}},"type":"binary-expr","locations":[{"start":{"line":30,"column":47},"end":{"line":30,"column":65}},{"start":{"line":30,"column":69},"end":{"line":30,"column":75}}]}},"s":{"0":0,"1":0,"2":0,"3":0,"4":0,"5":0,"6":0,"7":0,"8":0,"9":0,"10":0,"11":0,"12":0,"13":0,"14":0,"15":0},"f":{"0":0},"b":{"0":[0,0,0,0],"1":[0,0]}}
,"C:\\Users\\12\\dev\\stellar-burgers\\src\\components\\orders-list\\orders-list.tsx": {"path":"C:\\Users\\12\\dev\\stellar-burgers\\src\\components\\orders-list\\orders-list.tsx","statementMap":{"0":{"start":{"line":1,"column":0},"end":{"line":1,"column":33}},"1":{"start":{"line":4,"column":0},"end":{"line":4,"column":35}},"2":{"start":{"line":6,"column":13},"end":{"line":12,"column":3}},"3":{"start":{"line":6,"column":61},"end":{"line":6,"column":63}},"4":{"start":{"line":7,"column":22},"end":{"line":8,"column":null}},"5":{"start":{"line":8,"column":14},"end":{"line":8,"column":null}},"6":{"start":{"line":11,"column":2},"end":{"line":11,"column":52}}},"fnMap":{"0":{"name":"(anonymous_1)","decl":{"start":{"line":6,"column":52},"end":{"line":6,"column":53}},"loc":{"start":{"line":6,"column":63},"end":{"line":12,"column":1}}},"1":{"name":"(anonymous_2)","decl":{"start":{"line":8,"column":4},"end":{"line":8,"column":5}},"loc":{"start":{"line":8,"column":9},"end":{"line":8,"column":18}}}},"branchMap":{},"s":{"0":0,"1":0,"2":0,"3":0,"4":0,"5":0,"6":0},"f":{"0":0,"1":0},"b":{}}
,"C:\\Users\\12\\dev\\stellar-burgers\\src\\components\\profile-menu\\profile-menu.tsx": {"path":"C:\\Users\\12\\dev\\stellar-burgers\\src\\components\\profile-menu\\profile-menu.tsx","statementMap":{"0":{"start":{"line":2,"column":0},"end":{"line":2,"column":47}},"1":{"start":{"line":3,"column":0},"end":{"line":3,"column":36}},"2":{"start":{"line":9,"column":50},"end":{"line":19,"column":1}},"3":{"start":{"line":9,"column":61},"end":{"line":9,"column":63}},"4":{"start":{"line":10,"column":23},"end":{"line":10,"column":37}},"5":{"start":{"line":12,"column":23},"end":{"line":16,"column":3}},"6":{"start":{"line":13,"column":4},"end":{"line":15,"column":5}},"7":{"start":{"line":14,"column":6},"end":{"line":14,"column":17}},"8":{"start":{"line":18,"column":2},"end":{"line":18,"column":75}},"9":{"start":{"line":9,"column":13},"end":{"line":9,"column":50}}},"fnMap":{"0":{"name":"(anonymous_0)","decl":{"start":{"line":9,"column":50},"end":{"line":9,"column":51}},"loc":{"start":{"line":9,"column":63},"end":{"line":19,"column":1}}},"1":{"name":"(anonymous_1)","decl":{"start":{"line":12,"column":23},"end":{"line":12,"column":null}},"loc":{"start":{"line":12,"column":23},"end":{"line":16,"column":3}}}},"branchMap":{"0":{"loc":{"start":{"line":13,"column":4},"end":{"line":15,"column":5}},"type":"if","locations":[{"start":{"line":13,"column":4},"end":{"line":15,"column":5}}]}},"s":{"0":0,"1":0,"2":0,"3":0,"4":0,"5":0,"6":0,"7":0,"8":0,"9":0},"f":{"0":0,"1":0},"b":{"0":[0]}}
,"C:\\Users\\12\\dev\\stellar-burgers\\src\\components\\protected-route\\protected-route.tsx": {"path":"C:\\Users\\12\\dev\\stellar-burgers\\src\\components\\protected-route\\protected-route.tsx","statementMap":{"0":{"start":{"line":1,"column":0},"end":{"line":1,"column":57}},"1":{"start":{"line":2,"column":0},"end":{"line":2,"column":52}},"2":{"start":{"line":3,"column":0},"end":{"line":3,"column":64}},"3":{"start":{"line":4,"column":0},"end":{"line":4,"column":69}},"4":{"start":{"line":5,"column":0},"end":{"line":5,"column":64}},"5":{"start":{"line":6,"column":0},"end":{"line":6,"column":48}},"6":{"start":{"line":13,"column":49},"end":{"line":44,"column":1}},"7":{"start":{"line":14,"column":2},"end":{"line":14,"column":12}},"8":{"start":{"line":14,"column":12},"end":{"line":14,"column":null}},"9":{"start":{"line":15,"column":10},"end":{"line":15,"column":null}},"10":{"start":{"line":17,"column":19},"end":{"line":17,"column":32}},"11":{"start":{"line":18,"column":15},"end":{"line":18,"column":35}},"12":{"start":{"line":19,"column":24},"end":{"line":19,"column":53}},"13":{"start":{"line":20,"column":19},"end":{"line":20,"column":32}},"14":{"start":{"line":22,"column":2},"end":{"line":26,"column":32}},"15":{"start":{"line":23,"column":4},"end":{"line":25,"column":5}},"16":{"start":{"line":24,"column":6},"end":{"line":24,"column":32}},"17":{"start":{"line":28,"column":2},"end":{"line":30,"column":3}},"18":{"start":{"line":29,"column":4},"end":{"line":29,"column":25}},"19":{"start":{"line":32,"column":2},"end":{"line":36,"column":3}},"20":{"start":{"line":34,"column":21},"end":{"line":34,"column":67}},"21":{"start":{"line":35,"column":4},"end":{"line":35,"column":42}},"22":{"start":{"line":38,"column":2},"end":{"line":41,"column":3}},"23":{"start":{"line":40,"column":4},"end":{"line":40,"column":71}},"24":{"start":{"line":43,"column":2},"end":{"line":43,"column":18}},"25":{"start":{"line":46,"column":0},"end":{"line":46,"column":30}}},"fnMap":{"0":{"name":"(anonymous_0)","decl":{"start":{"line":13,"column":49},"end":{"line":13,"column":50}},"loc":{"start":{"line":16,"column":1},"end":{"line":44,"column":1}}},"1":{"name":"(anonymous_1)","decl":{"start":{"line":22,"column":12},"end":{"line":22,"column":null}},"loc":{"start":{"line":22,"column":12},"end":{"line":26,"column":3}}}},"branchMap":{"0":{"loc":{"start":{"line":14,"column":12},"end":{"line":14,"column":null}},"type":"cond-expr","locations":[{"start":{"line":14,"column":15},"end":{"line":14,"column":20}},{"start":{"line":14,"column":20},"end":{"line":14,"column":null}}]},"1":{"loc":{"start":{"line":23,"column":4},"end":{"line":25,"column":5}},"type":"if","locations":[{"start":{"line":23,"column":4},"end":{"line":25,"column":5}}]},"2":{"loc":{"start":{"line":28,"column":2},"end":{"line":30,"column":3}},"type":"if","locations":[{"start":{"line":28,"column":2},"end":{"line":30,"column":3}}]},"3":{"loc":{"start":{"line":32,"column":2},"end":{"line":36,"column":3}},"type":"if","locations":[{"start":{"line":32,"column":2},"end":{"line":36,"column":3}}]},"4":{"loc":{"start":{"line":32,"column":6},"end":{"line":32,"column":24}},"type":"binary-expr","locations":[{"start":{"line":32,"column":6},"end":{"line":32,"column":16}},{"start":{"line":32,"column":20},"end":{"line":32,"column":24}}]},"5":{"loc":{"start":{"line":34,"column":21},"end":{"line":34,"column":66}},"type":"binary-expr","locations":[{"start":{"line":34,"column":21},"end":{"line":34,"column":35}},{"start":{"line":34,"column":39},"end":{"line":34,"column":66}}]},"6":{"loc":{"start":{"line":38,"column":2},"end":{"line":41,"column":3}},"type":"if","locations":[{"start":{"line":38,"column":2},"end":{"line":41,"column":3}}]},"7":{"loc":{"start":{"line":38,"column":6},"end":{"line":38,"column":26}},"type":"binary-expr","locations":[{"start":{"line":38,"column":6},"end":{"line":38,"column":17}},{"start":{"line":38,"column":21},"end":{"line":38,"column":26}}]}},"s":{"0":0,"1":0,"2":0,"3":0,"4":0,"5":0,"6":0,"7":0,"8":0,"9":0,"10":0,"11":0,"12":0,"13":0,"14":0,"15":0,"16":0,"17":0,"18":0,"19":0,"20":0,"21":0,"22":0,"23":0,"24":0,"25":0},"f":{"0":0,"1":0},"b":{"0":[0,0],"1":[0],"2":[0],"3":[0],"4":[0,0],"5":[0,0],"6":[0],"7":[0,0]}}
,"C:\\Users\\12\\dev\\stellar-burgers\\src\\components\\ui\\app-header\\app-header.tsx": {"path":"C:\\Users\\12\\dev\\stellar-burgers\\src\\components\\ui\\app-header\\app-header.tsx","statementMap":{"0":{"start":{"line":2,"column":0},"end":{"line":2,"column":43}},"1":{"start":{"line":3,"column":0},"end":{"line":3,"column":45}},"2":{"start":{"line":5,"column":0},"end":{"line":5,"column":null}},"3":{"start":{"line":12,"column":50},"end":{"line":12,"column":null}},"4":{"start":{"line":12,"column":61},"end":{"line":12,"column":63}},"5":{"start":{"line":12,"column":68},"end":{"line":75,"column":2}},"6":{"start":{"line":18,"column":32},"end":{"line":18,"column":34}},"7":{"start":{"line":19,"column":12},"end":{"line":21,"column":null}},"8":{"start":{"line":25,"column":22},"end":{"line":25,"column":24}},"9":{"start":{"line":25,"column":29},"end":{"line":30,"column":null}},"10":{"start":{"line":35,"column":32},"end":{"line":35,"column":34}},"11":{"start":{"line":36,"column":12},"end":{"line":38,"column":null}},"12":{"start":{"line":41,"column":22},"end":{"line":41,"column":24}},"13":{"start":{"line":41,"column":29},"end":{"line":46,"column":null}},"14":{"start":{"line":59,"column":32},"end":{"line":59,"column":34}},"15":{"start":{"line":60,"column":12},"end":{"line":62,"column":null}},"16":{"start":{"line":65,"column":22},"end":{"line":65,"column":24}},"17":{"start":{"line":65,"column":29},"end":{"line":70,"column":null}},"18":{"start":{"line":12,"column":13},"end":{"line":12,"column":50}}},"fnMap":{"0":{"name":"(anonymous_1)","decl":{"start":{"line":12,"column":50},"end":{"line":12,"column":51}},"loc":{"start":{"line":12,"column":63},"end":{"line":12,"column":null}}},"1":{"name":"(anonymous_2)","decl":{"start":{"line":18,"column":21},"end":{"line":18,"column":22}},"loc":{"start":{"line":18,"column":34},"end":{"line":19,"column":15}}},"2":{"name":"(anonymous_3)","decl":{"start":{"line":25,"column":11},"end":{"line":25,"column":12}},"loc":{"start":{"line":25,"column":24},"end":{"line":25,"column":null}}},"3":{"name":"(anonymous_4)","decl":{"start":{"line":35,"column":21},"end":{"line":35,"column":22}},"loc":{"start":{"line":35,"column":34},"end":{"line":36,"column":15}}},"4":{"name":"(anonymous_5)","decl":{"start":{"line":41,"column":11},"end":{"line":41,"column":12}},"loc":{"start":{"line":41,"column":24},"end":{"line":41,"column":null}}},"5":{"name":"(anonymous_6)","decl":{"start":{"line":59,"column":21},"end":{"line":59,"column":22}},"loc":{"start":{"line":59,"column":34},"end":{"line":60,"column":15}}},"6":{"name":"(anonymous_7)","decl":{"start":{"line":65,"column":11},"end":{"line":65,"column":12}},"loc":{"start":{"line":65,"column":24},"end":{"line":65,"column":null}}}},"branchMap":{"0":{"loc":{"start":{"line":20,"column":14},"end":{"line":20,"column":48}},"type":"cond-expr","locations":[{"start":{"line":20,"column":25},"end":{"line":20,"column":43}},{"start":{"line":20,"column":46},"end":{"line":20,"column":48}}]},"1":{"loc":{"start":{"line":27,"column":32},"end":{"line":27,"column":66}},"type":"cond-expr","locations":[{"start":{"line":27,"column":43},"end":{"line":27,"column":52}},{"start":{"line":27,"column":55},"end":{"line":27,"column":66}}]},"2":{"loc":{"start":{"line":37,"column":14},"end":{"line":37,"column":48}},"type":"cond-expr","locations":[{"start":{"line":37,"column":25},"end":{"line":37,"column":43}},{"start":{"line":37,"column":46},"end":{"line":37,"column":48}}]},"3":{"loc":{"start":{"line":43,"column":30},"end":{"line":43,"column":64}},"type":"cond-expr","locations":[{"start":{"line":43,"column":41},"end":{"line":43,"column":50}},{"start":{"line":43,"column":53},"end":{"line":43,"column":64}}]},"4":{"loc":{"start":{"line":61,"column":14},"end":{"line":61,"column":48}},"type":"cond-expr","locations":[{"start":{"line":61,"column":25},"end":{"line":61,"column":43}},{"start":{"line":61,"column":46},"end":{"line":61,"column":48}}]},"5":{"loc":{"start":{"line":67,"column":33},"end":{"line":67,"column":67}},"type":"cond-expr","locations":[{"start":{"line":67,"column":44},"end":{"line":67,"column":53}},{"start":{"line":67,"column":56},"end":{"line":67,"column":67}}]},"6":{"loc":{"start":{"line":68,"column":38},"end":{"line":68,"column":66}},"type":"binary-expr","locations":[{"start":{"line":68,"column":38},"end":{"line":68,"column":46}},{"start":{"line":68,"column":50},"end":{"line":68,"column":66}}]}},"s":{"0":0,"1":0,"2":0,"3":0,"4":0,"5":0,"6":0,"7":0,"8":0,"9":0,"10":0,"11":0,"12":0,"13":0,"14":0,"15":0,"16":0,"17":0,"18":0},"f":{"0":0,"1":0,"2":0,"3":0,"4":0,"5":0,"6":0},"b":{"0":[0,0],"1":[0,0],"2":[0,0],"3":[0,0],"4":[0,0],"5":[0,0],"6":[0,0]}}
,"C:\\Users\\12\\dev\\stellar-burgers\\src\\components\\ui\\burger-constructor\\burger-constructor.tsx": {"path":"C:\\Users\\12\\dev\\stellar-burgers\\src\\components\\ui\\burger-constructor\\burger-constructor.tsx","statementMap":{"0":{"start":{"line":2,"column":0},"end":{"line":2,"column":null}},"1":{"start":{"line":7,"column":0},"end":{"line":7,"column":53}},"2":{"start":{"line":10,"column":0},"end":{"line":10,"column":62}},"3":{"start":{"line":11,"column":0},"end":{"line":11,"column":48}},"4":{"start":{"line":13,"column":65},"end":{"line":20,"column":null}},"5":{"start":{"line":14,"column":18},"end":{"line":14,"column":null}},"6":{"start":{"line":15,"column":14},"end":{"line":15,"column":null}},"7":{"start":{"line":16,"column":7},"end":{"line":16,"column":null}},"8":{"start":{"line":17,"column":16},"end":{"line":17,"column":null}},"9":{"start":{"line":18,"column":14},"end":{"line":18,"column":null}},"10":{"start":{"line":19,"column":17},"end":{"line":19,"column":null}},"11":{"start":{"line":20,"column":6},"end":{"line":105,"column":2}},"12":{"start":{"line":42,"column":59},"end":{"line":49,"column":null}},"13":{"start":{"line":13,"column":13},"end":{"line":13,"column":65}}},"fnMap":{"0":{"name":"(anonymous_1)","decl":{"start":{"line":13,"column":65},"end":{"line":13,"column":66}},"loc":{"start":{"line":20,"column":1},"end":{"line":20,"column":null}}},"1":{"name":"(anonymous_2)","decl":{"start":{"line":42,"column":10},"end":{"line":42,"column":11}},"loc":{"start":{"line":42,"column":54},"end":{"line":42,"column":null}}}},"branchMap":{"0":{"loc":{"start":{"line":22,"column":5},"end":{"line":37,"column":null}},"type":"cond-expr","locations":[{"start":{"line":23,"column":6},"end":{"line":30,"column":null}},{"start":{"line":33,"column":6},"end":{"line":34,"column":null}}]},"1":{"loc":{"start":{"line":40,"column":7},"end":{"line":56,"column":null}},"type":"cond-expr","locations":[{"start":{"line":41,"column":8},"end":{"line":49,"column":null}},{"start":{"line":52,"column":8},"end":{"line":53,"column":null}}]},"2":{"loc":{"start":{"line":59,"column":5},"end":{"line":74,"column":null}},"type":"cond-expr","locations":[{"start":{"line":60,"column":6},"end":{"line":67,"column":null}},{"start":{"line":70,"column":6},"end":{"line":71,"column":null}}]},"3":{"loc":{"start":{"line":90,"column":5},"end":{"line":93,"column":null}},"type":"binary-expr","locations":[{"start":{"line":90,"column":5},"end":{"line":90,"column":17}},{"start":{"line":91,"column":6},"end":{"line":92,"column":null}}]},"4":{"loc":{"start":{"line":96,"column":5},"end":{"line":102,"column":null}},"type":"binary-expr","locations":[{"start":{"line":96,"column":5},"end":{"line":96,"column":19}},{"start":{"line":97,"column":6},"end":{"line":101,"column":null}}]},"5":{"loc":{"start":{"line":99,"column":15},"end":{"line":99,"column":55}},"type":"cond-expr","locations":[{"start":{"line":99,"column":30},"end":{"line":99,"column":50}},{"start":{"line":99,"column":53},"end":{"line":99,"column":55}}]}},"s":{"0":0,"1":0,"2":0,"3":0,"4":0,"5":0,"6":0,"7":0,"8":0,"9":0,"10":0,"11":0,"12":0,"13":0},"f":{"0":0,"1":0},"b":{"0":[0,0],"1":[0,0],"2":[0,0],"3":[0,0],"4":[0,0],"5":[0,0]}}
,"C:\\Users\\12\\dev\\stellar-burgers\\src\\components\\ui\\burger-constructor-element\\burger-constructor-element.tsx": {"path":"C:\\Users\\12\\dev\\stellar-burgers\\src\\components\\ui\\burger-constructor-element\\burger-constructor-element.tsx","statementMap":{"0":{"start":{"line":1,"column":0},"end":{"line":1,"column":33}},"1":{"start":{"line":2,"column":0},"end":{"line":2,"column":61}},"2":{"start":{"line":3,"column":0},"end":{"line":3,"column":81}},"3":{"start":{"line":5,"column":0},"end":{"line":5,"column":73}},"4":{"start":{"line":7,"column":13},"end":{"line":34,"column":4}},"5":{"start":{"line":10,"column":16},"end":{"line":10,"column":null}},"6":{"start":{"line":11,"column":11},"end":{"line":11,"column":null}},"7":{"start":{"line":12,"column":16},"end":{"line":12,"column":null}},"8":{"start":{"line":13,"column":18},"end":{"line":13,"column":null}},"9":{"start":{"line":14,"column":20},"end":{"line":14,"column":null}},"10":{"start":{"line":15,"column":17},"end":{"line":15,"column":null}},"11":{"start":{"line":16,"column":10},"end":{"line":33,"column":null}}},"fnMap":{"0":{"name":"(anonymous_1)","decl":{"start":{"line":9,"column":4},"end":{"line":9,"column":5}},"loc":{"start":{"line":16,"column":5},"end":{"line":16,"column":null}}}},"branchMap":{},"s":{"0":0,"1":0,"2":0,"3":0,"4":0,"5":0,"6":0,"7":0,"8":0,"9":0,"10":0,"11":0},"f":{"0":0},"b":{}}
,"C:\\Users\\12\\dev\\stellar-burgers\\src\\components\\ui\\burger-ingredient\\burger-ingredient.tsx": {"path":"C:\\Users\\12\\dev\\stellar-burgers\\src\\components\\ui\\burger-ingredient\\burger-ingredient.tsx","statementMap":{"0":{"start":{"line":1,"column":0},"end":{"line":1,"column":33}},"1":{"start":{"line":2,"column":0},"end":{"line":2,"column":40}},"2":{"start":{"line":3,"column":0},"end":{"line":3,"column":52}},"3":{"start":{"line":5,"column":0},"end":{"line":5,"column":null}},"4":{"start":{"line":13,"column":13},"end":{"line":40,"column":2}},"5":{"start":{"line":14,"column":15},"end":{"line":14,"column":17}},"6":{"start":{"line":14,"column":22},"end":{"line":14,"column":24}},"7":{"start":{"line":14,"column":33},"end":{"line":14,"column":35}},"8":{"start":{"line":14,"column":48},"end":{"line":14,"column":50}},"9":{"start":{"line":15,"column":40},"end":{"line":15,"column":51}},"10":{"start":{"line":17,"column":4},"end":{"line":38,"column":6}}},"fnMap":{"0":{"name":"(anonymous_1)","decl":{"start":{"line":14,"column":2},"end":{"line":14,"column":3}},"loc":{"start":{"line":14,"column":50},"end":{"line":39,"column":3}}}},"branchMap":{"0":{"loc":{"start":{"line":24,"column":11},"end":{"line":24,"column":45}},"type":"binary-expr","locations":[{"start":{"line":24,"column":11},"end":{"line":24,"column":16}},{"start":{"line":24,"column":20},"end":{"line":24,"column":45}}]}},"s":{"0":0,"1":0,"2":0,"3":0,"4":0,"5":0,"6":0,"7":0,"8":0,"9":0,"10":0},"f":{"0":0},"b":{"0":[0,0]}}
,"C:\\Users\\12\\dev\\stellar-burgers\\src\\components\\ui\\burger-ingredients\\burger-ingredients.tsx": {"path":"C:\\Users\\12\\dev\\stellar-burgers\\src\\components\\ui\\burger-ingredients\\burger-ingredients.tsx","statementMap":{"0":{"start":{"line":1,"column":0},"end":{"line":1,"column":33}},"1":{"start":{"line":2,"column":0},"end":{"line":2,"column":66}},"2":{"start":{"line":4,"column":0},"end":{"line":4,"column":53}},"3":{"start":{"line":6,"column":0},"end":{"line":6,"column":50}},"4":{"start":{"line":8,"column":13},"end":{"line":68,"column":2}},"5":{"start":{"line":10,"column":14},"end":{"line":10,"column":null}},"6":{"start":{"line":11,"column":8},"end":{"line":11,"column":null}},"7":{"start":{"line":12,"column":9},"end":{"line":12,"column":null}},"8":{"start":{"line":13,"column":10},"end":{"line":13,"column":null}},"9":{"start":{"line":14,"column":15},"end":{"line":14,"column":null}},"10":{"start":{"line":15,"column":16},"end":{"line":15,"column":null}},"11":{"start":{"line":16,"column":18},"end":{"line":16,"column":null}},"12":{"start":{"line":17,"column":11},"end":{"line":17,"column":null}},"13":{"start":{"line":18,"column":12},"end":{"line":18,"column":null}},"14":{"start":{"line":19,"column":13},"end":{"line":19,"column":null}},"15":{"start":{"line":20,"column":14},"end":{"line":20,"column":null}},"16":{"start":{"line":21,"column":8},"end":{"line":67,"column":null}}},"fnMap":{"0":{"name":"(anonymous_1)","decl":{"start":{"line":9,"column":2},"end":{"line":9,"column":3}},"loc":{"start":{"line":21,"column":3},"end":{"line":21,"column":null}}}},"branchMap":{},"s":{"0":0,"1":0,"2":0,"3":0,"4":0,"5":0,"6":0,"7":0,"8":0,"9":0,"10":0,"11":0,"12":0,"13":0,"14":0,"15":0,"16":0},"f":{"0":0},"b":{}}
,"C:\\Users\\12\\dev\\stellar-burgers\\src\\components\\ui\\feed-info\\feed-info.tsx": {"path":"C:\\Users\\12\\dev\\stellar-burgers\\src\\components\\ui\\feed-info\\feed-info.tsx","statementMap":{"0":{"start":{"line":1,"column":0},"end":{"line":1,"column":33}},"1":{"start":{"line":2,"column":0},"end":{"line":2,"column":44}},"2":{"start":{"line":5,"column":13},"end":{"line":24,"column":2}},"3":{"start":{"line":6,"column":9},"end":{"line":6,"column":11}},"4":{"start":{"line":6,"column":22},"end":{"line":6,"column":24}},"5":{"start":{"line":6,"column":37},"end":{"line":6,"column":39}},"6":{"start":{"line":7,"column":34},"end":{"line":7,"column":39}},"7":{"start":{"line":9,"column":4},"end":{"line":22,"column":6}},"8":{"start":{"line":26,"column":40},"end":{"line":26,"column":null}},"9":{"start":{"line":26,"column":49},"end":{"line":26,"column":51}},"10":{"start":{"line":26,"column":56},"end":{"line":26,"column":58}},"11":{"start":{"line":26,"column":67},"end":{"line":26,"column":69}},"12":{"start":{"line":26,"column":74},"end":{"line":41,"column":2}},"13":{"start":{"line":30,"column":35},"end":{"line":38,"column":8}},"14":{"start":{"line":43,"column":33},"end":{"line":43,"column":null}},"15":{"start":{"line":43,"column":41},"end":{"line":43,"column":43}},"16":{"start":{"line":43,"column":50},"end":{"line":43,"column":52}},"17":{"start":{"line":43,"column":57},"end":{"line":50,"column":2}}},"fnMap":{"0":{"name":"(anonymous_1)","decl":{"start":{"line":6,"column":2},"end":{"line":6,"column":3}},"loc":{"start":{"line":6,"column":39},"end":{"line":23,"column":3}}},"1":{"name":"(anonymous_2)","decl":{"start":{"line":26,"column":40},"end":{"line":26,"column":41}},"loc":{"start":{"line":26,"column":69},"end":{"line":26,"column":null}}},"2":{"name":"(anonymous_3)","decl":{"start":{"line":30,"column":18},"end":{"line":30,"column":19}},"loc":{"start":{"line":30,"column":30},"end":{"line":30,"column":null}}},"3":{"name":"(anonymous_4)","decl":{"start":{"line":43,"column":33},"end":{"line":43,"column":34}},"loc":{"start":{"line":43,"column":52},"end":{"line":43,"column":null}}}},"branchMap":{"0":{"loc":{"start":{"line":33,"column":26},"end":{"line":33,"column":70}},"type":"cond-expr","locations":[{"start":{"line":33,"column":49},"end":{"line":33,"column":58}},{"start":{"line":33,"column":61},"end":{"line":33,"column":70}}]}},"s":{"0":0,"1":0,"2":0,"3":0,"4":0,"5":0,"6":0,"7":0,"8":0,"9":0,"10":0,"11":0,"12":0,"13":0,"14":0,"15":0,"16":0,"17":0},"f":{"0":0,"1":0,"2":0,"3":0},"b":{"0":[0,0]}}
,"C:\\Users\\12\\dev\\stellar-burgers\\src\\components\\ui\\ingredient-details\\ingredient-details.tsx": {"path":"C:\\Users\\12\\dev\\stellar-burgers\\src\\components\\ui\\ingredient-details\\ingredient-details.tsx","statementMap":{"0":{"start":{"line":1,"column":0},"end":{"line":1,"column":33}},"1":{"start":{"line":2,"column":0},"end":{"line":2,"column":53}},"2":{"start":{"line":5,"column":13},"end":{"line":39,"column":2}},"3":{"start":{"line":6,"column":19},"end":{"line":6,"column":21}},"4":{"start":{"line":8,"column":6},"end":{"line":8,"column":21}},"5":{"start":{"line":10,"column":4},"end":{"line":37,"column":6}}},"fnMap":{"0":{"name":"(anonymous_1)","decl":{"start":{"line":6,"column":2},"end":{"line":6,"column":3}},"loc":{"start":{"line":6,"column":21},"end":{"line":38,"column":3}}}},"branchMap":{},"s":{"0":0,"1":0,"2":0,"3":0,"4":0,"5":0},"f":{"0":0},"b":{}}
,"C:\\Users\\12\\dev\\stellar-burgers\\src\\components\\ui\\ingredients-category\\ingredients-category.tsx": {"path":"C:\\Users\\12\\dev\\stellar-burgers\\src\\components\\ui\\ingredients-category\\ingredients-category.tsx","statementMap":{"0":{"start":{"line":1,"column":0},"end":{"line":1,"column":55}},"1":{"start":{"line":2,"column":0},"end":{"line":2,"column":35}},"2":{"start":{"line":4,"column":0},"end":{"line":4,"column":47}},"3":{"start":{"line":6,"column":13},"end":{"line":24,"column":3}},"4":{"start":{"line":9,"column":10},"end":{"line":9,"column":12}},"5":{"start":{"line":9,"column":20},"end":{"line":9,"column":22}},"6":{"start":{"line":9,"column":33},"end":{"line":9,"column":35}},"7":{"start":{"line":9,"column":54},"end":{"line":9,"column":56}},"8":{"start":{"line":9,"column":66},"end":{"line":24,"column":2}},"9":{"start":{"line":15,"column":39},"end":{"line":21,"column":8}}},"fnMap":{"0":{"name":"(anonymous_1)","decl":{"start":{"line":9,"column":2},"end":{"line":9,"column":3}},"loc":{"start":{"line":9,"column":61},"end":{"line":9,"column":null}}},"1":{"name":"(anonymous_2)","decl":{"start":{"line":15,"column":23},"end":{"line":15,"column":24}},"loc":{"start":{"line":15,"column":34},"end":{"line":15,"column":null}}}},"branchMap":{},"s":{"0":0,"1":0,"2":0,"3":0,"4":0,"5":0,"6":0,"7":0,"8":0,"9":0},"f":{"0":0,"1":0},"b":{}}
,"C:\\Users\\12\\dev\\stellar-burgers\\src\\components\\ui\\modal\\modal.tsx": {"path":"C:\\Users\\12\\dev\\stellar-burgers\\src\\components\\ui\\modal\\modal.tsx","statementMap":{"0":{"start":{"line":1,"column":0},"end":{"line":1,"column":33}},"1":{"start":{"line":3,"column":0},"end":{"line":3,"column":40}},"2":{"start":{"line":5,"column":0},"end":{"line":5,"column":72}},"3":{"start":{"line":7,"column":0},"end":{"line":7,"column":37}},"4":{"start":{"line":9,"column":13},"end":{"line":26,"column":2}},"5":{"start":{"line":10,"column":10},"end":{"line":10,"column":12}},"6":{"start":{"line":10,"column":19},"end":{"line":10,"column":21}},"7":{"start":{"line":10,"column":29},"end":{"line":10,"column":31}},"8":{"start":{"line":10,"column":36},"end":{"line":25,"column":null}}},"fnMap":{"0":{"name":"(anonymous_1)","decl":{"start":{"line":10,"column":2},"end":{"line":10,"column":3}},"loc":{"start":{"line":10,"column":31},"end":{"line":10,"column":null}}}},"branchMap":{},"s":{"0":0,"1":0,"2":0,"3":0,"4":0,"5":0,"6":0,"7":0,"8":0},"f":{"0":0},"b":{}}
,"C:\\Users\\12\\dev\\stellar-burgers\\src\\components\\ui\\modal-overlay\\modal-overlay.tsx": {"path":"C:\\Users\\12\\dev\\stellar-burgers\\src\\components\\ui\\modal-overlay\\modal-overlay.tsx","statementMap":{"0":{"start":{"line":1,"column":0},"end":{"line":1,"column":48}},"1":{"start":{"line":3,"column":30},"end":{"line":3,"column":null}},"2":{"start":{"line":3,"column":40},"end":{"line":3,"column":67}},"3":{"start":{"line":3,"column":72},"end":{"line":5,"column":2}},"4":{"start":{"line":3,"column":13},"end":{"line":3,"column":30}}},"fnMap":{"0":{"name":"(anonymous_1)","decl":{"start":{"line":3,"column":30},"end":{"line":3,"column":31}},"loc":{"start":{"line":3,"column":67},"end":{"line":3,"column":null}}}},"branchMap":{},"s":{"0":0,"1":0,"2":0,"3":0,"4":0},"f":{"0":0},"b":{}}
,"C:\\Users\\12\\dev\\stellar-burgers\\src\\components\\ui\\order-card\\order-card.tsx": {"path":"C:\\Users\\12\\dev\\stellar-burgers\\src\\components\\ui\\order-card\\order-card.tsx","statementMap":{"0":{"start":{"line":1,"column":0},"end":{"line":1,"column":33}},"1":{"start":{"line":2,"column":0},"end":{"line":2,"column":53}},"2":{"start":{"line":3,"column":0},"end":{"line":3,"column":null}},"3":{"start":{"line":8,"column":0},"end":{"line":8,"column":45}},"4":{"start":{"line":10,"column":0},"end":{"line":10,"column":42}},"5":{"start":{"line":12,"column":13},"end":{"line":81,"column":2}},"6":{"start":{"line":13,"column":14},"end":{"line":13,"column":16}},"7":{"start":{"line":13,"column":30},"end":{"line":13,"column":32}},"8":{"start":{"line":13,"column":45},"end":{"line":13,"column":47}},"9":{"start":{"line":14,"column":21},"end":{"line":14,"column":34}},"10":{"start":{"line":15,"column":28},"end":{"line":15,"column":73}},"11":{"start":{"line":17,"column":4},"end":{"line":79,"column":6}},"12":{"start":{"line":39,"column":27},"end":{"line":39,"column":49}},"13":{"start":{"line":40,"column":26},"end":{"line":40,"column":36}},"14":{"start":{"line":41,"column":14},"end":{"line":66,"column":16}}},"fnMap":{"0":{"name":"(anonymous_1)","decl":{"start":{"line":13,"column":2},"end":{"line":13,"column":3}},"loc":{"start":{"line":13,"column":47},"end":{"line":80,"column":3}}},"1":{"name":"(anonymous_2)","decl":{"start":{"line":38,"column":45},"end":{"line":38,"column":46}},"loc":{"start":{"line":38,"column":63},"end":{"line":67,"column":13}}}},"branchMap":{"0":{"loc":{"start":{"line":19,"column":12},"end":{"line":19,"column":59}},"type":"binary-expr","locations":[{"start":{"line":19,"column":12},"end":{"line":19,"column":28}},{"start":{"line":19,"column":32},"end":{"line":19,"column":59}}]},"1":{"loc":{"start":{"line":35,"column":9},"end":{"line":35,"column":69}},"type":"binary-expr","locations":[{"start":{"line":35,"column":9},"end":{"line":35,"column":24}},{"start":{"line":35,"column":28},"end":{"line":35,"column":69}}]},"2":{"loc":{"start":{"line":50,"column":24},"end":{"line":52,"column":31}},"type":"cond-expr","locations":[{"start":{"line":51,"column":28},"end":{"line":51,"column":33}},{"start":{"line":52,"column":28},"end":{"line":52,"column":31}}]},"3":{"loc":{"start":{"line":50,"column":24},"end":{"line":50,"column":73}},"type":"binary-expr","locations":[{"start":{"line":50,"column":24},"end":{"line":50,"column":41}},{"start":{"line":50,"column":45},"end":{"line":50,"column":73}}]},"4":{"loc":{"start":{"line":58,"column":19},"end":{"line":64,"column":26}},"type":"cond-expr","locations":[{"start":{"line":59,"column":20},"end":{"line":62,"column":null}},{"start":{"line":64,"column":22},"end":{"line":64,"column":26}}]},"5":{"loc":{"start":{"line":62,"column":23},"end":{"line":62,"column":77}},"type":"cond-expr","locations":[{"start":{"line":62,"column":47},"end":{"line":62,"column":70}},{"start":{"line":62,"column":73},"end":{"line":62,"column":77}}]}},"s":{"0":0,"1":0,"2":0,"3":0,"4":0,"5":0,"6":0,"7":0,"8":0,"9":0,"10":0,"11":0,"12":0,"13":0,"14":0},"f":{"0":0,"1":0},"b":{"0":[0,0],"1":[0,0],"2":[0,0],"3":[0,0],"4":[0,0],"5":[0,0]}}
,"C:\\Users\\12\\dev\\stellar-burgers\\src\\components\\ui\\order-details\\order-details.tsx": {"path":"C:\\Users\\12\\dev\\stellar-burgers\\src\\components\\ui\\order-details\\order-details.tsx","statementMap":{"0":{"start":{"line":1,"column":0},"end":{"line":1,"column":26}},"1":{"start":{"line":2,"column":0},"end":{"line":2,"column":48}},"2":{"start":{"line":3,"column":0},"end":{"line":3,"column":47}},"3":{"start":{"line":6,"column":61},"end":{"line":8,"column":null}},"4":{"start":{"line":7,"column":13},"end":{"line":7,"column":null}},"5":{"start":{"line":8,"column":6},"end":{"line":26,"column":2}},"6":{"start":{"line":6,"column":13},"end":{"line":6,"column":61}}},"fnMap":{"0":{"name":"(anonymous_1)","decl":{"start":{"line":6,"column":61},"end":{"line":6,"column":62}},"loc":{"start":{"line":8,"column":1},"end":{"line":8,"column":null}}}},"branchMap":{},"s":{"0":0,"1":0,"2":0,"3":0,"4":0,"5":0,"6":0},"f":{"0":0},"b":{}}
,"C:\\Users\\12\\dev\\stellar-burgers\\src\\components\\ui\\order-info\\order-info.tsx": {"path":"C:\\Users\\12\\dev\\stellar-burgers\\src\\components\\ui\\order-info\\order-info.tsx","statementMap":{"0":{"start":{"line":1,"column":0},"end":{"line":1,"column":33}},"1":{"start":{"line":2,"column":0},"end":{"line":2,"column":null}},"2":{"start":{"line":7,"column":0},"end":{"line":7,"column":45}},"3":{"start":{"line":11,"column":13},"end":{"line":104,"column":3}},"4":{"start":{"line":11,"column":66},"end":{"line":11,"column":68}},"5":{"start":{"line":13,"column":25},"end":{"line":26,"column":3}},"6":{"start":{"line":14,"column":4},"end":{"line":25,"column":5}},"7":{"start":{"line":16,"column":8},"end":{"line":16,"column":29}},"8":{"start":{"line":18,"column":8},"end":{"line":18,"column":18}},"9":{"start":{"line":20,"column":8},"end":{"line":20,"column":18}},"10":{"start":{"line":22,"column":8},"end":{"line":22,"column":18}},"11":{"start":{"line":24,"column":8},"end":{"line":24,"column":18}},"12":{"start":{"line":29,"column":24},"end":{"line":42,"column":3}},"13":{"start":{"line":30,"column":4},"end":{"line":41,"column":5}},"14":{"start":{"line":32,"column":8},"end":{"line":32,"column":26}},"15":{"start":{"line":34,"column":8},"end":{"line":34,"column":27}},"16":{"start":{"line":36,"column":8},"end":{"line":36,"column":24}},"17":{"start":{"line":38,"column":8},"end":{"line":38,"column":25}},"18":{"start":{"line":40,"column":8},"end":{"line":40,"column":22}},"19":{"start":{"line":44,"column":2},"end":{"line":103,"column":4}},"20":{"start":{"line":68,"column":71},"end":{"line":89,"column":10}}},"fnMap":{"0":{"name":"(anonymous_1)","decl":{"start":{"line":11,"column":54},"end":{"line":11,"column":55}},"loc":{"start":{"line":11,"column":68},"end":{"line":104,"column":1}}},"1":{"name":"(anonymous_2)","decl":{"start":{"line":13,"column":25},"end":{"line":13,"column":26}},"loc":{"start":{"line":13,"column":40},"end":{"line":26,"column":3}}},"2":{"name":"(anonymous_3)","decl":{"start":{"line":29,"column":24},"end":{"line":29,"column":25}},"loc":{"start":{"line":29,"column":39},"end":{"line":42,"column":3}}},"3":{"name":"(anonymous_4)","decl":{"start":{"line":68,"column":54},"end":{"line":68,"column":55}},"loc":{"start":{"line":68,"column":66},"end":{"line":68,"column":null}}}},"branchMap":{"0":{"loc":{"start":{"line":14,"column":4},"end":{"line":25,"column":5}},"type":"switch","locations":[{"start":{"line":15,"column":6},"end":{"line":16,"column":29}},{"start":{"line":17,"column":6},"end":{"line":18,"column":18}},{"start":{"line":19,"column":6},"end":{"line":20,"column":18}},{"start":{"line":21,"column":6},"end":{"line":22,"column":18}},{"start":{"line":23,"column":6},"end":{"line":24,"column":18}}]},"1":{"loc":{"start":{"line":30,"column":4},"end":{"line":41,"column":5}},"type":"switch","locations":[{"start":{"line":31,"column":6},"end":{"line":32,"column":26}},{"start":{"line":33,"column":6},"end":{"line":34,"column":27}},{"start":{"line":35,"column":6},"end":{"line":36,"column":24}},{"start":{"line":37,"column":6},"end":{"line":38,"column":25}},{"start":{"line":39,"column":6},"end":{"line":40,"column":22}}]}},"s":{"0":0,"1":0,"2":0,"3":0,"4":0,"5":0,"6":0,"7":0,"8":0,"9":0,"10":0,"11":0,"12":0,"13":0,"14":0,"15":0,"16":0,"17":0,"18":0,"19":0,"20":0},"f":{"0":0,"1":0,"2":0,"3":0},"b":{"0":[0,0,0,0,0],"1":[0,0,0,0,0]}}
,"C:\\Users\\12\\dev\\stellar-burgers\\src\\components\\ui\\order-status\\order-status.tsx": {"path":"C:\\Users\\12\\dev\\stellar-burgers\\src\\components\\ui\\order-status\\order-status.tsx","statementMap":{"0":{"start":{"line":4,"column":53},"end":{"line":4,"column":null}},"1":{"start":{"line":4,"column":65},"end":{"line":4,"column":67}},"2":{"start":{"line":4,"column":71},"end":{"line":4,"column":73}},"3":{"start":{"line":4,"column":78},"end":{"line":11,"column":2}},"4":{"start":{"line":4,"column":13},"end":{"line":4,"column":53}}},"fnMap":{"0":{"name":"(anonymous_0)","decl":{"start":{"line":4,"column":53},"end":{"line":4,"column":54}},"loc":{"start":{"line":4,"column":73},"end":{"line":4,"column":null}}}},"branchMap":{},"s":{"0":0,"1":0,"2":0,"3":0,"4":0},"f":{"0":0},"b":{}}
,"C:\\Users\\12\\dev\\stellar-burgers\\src\\components\\ui\\orders-list\\orders-list.tsx": {"path":"C:\\Users\\12\\dev\\stellar-burgers\\src\\components\\ui\\orders-list\\orders-list.tsx","statementMap":{"0":{"start":{"line":3,"column":0},"end":{"line":3,"column":46}},"1":{"start":{"line":6,"column":0},"end":{"line":6,"column":40}},"2":{"start":{"line":8,"column":51},"end":{"line":8,"column":null}},"3":{"start":{"line":8,"column":65},"end":{"line":8,"column":67}},"4":{"start":{"line":8,"column":72},"end":{"line":14,"column":2}},"5":{"start":{"line":10,"column":32},"end":{"line":12,"column":6}},"6":{"start":{"line":8,"column":13},"end":{"line":8,"column":51}}},"fnMap":{"0":{"name":"(anonymous_1)","decl":{"start":{"line":8,"column":51},"end":{"line":8,"column":52}},"loc":{"start":{"line":8,"column":67},"end":{"line":8,"column":null}}},"1":{"name":"(anonymous_2)","decl":{"start":{"line":10,"column":21},"end":{"line":10,"column":22}},"loc":{"start":{"line":10,"column":27},"end":{"line":10,"column":null}}}},"branchMap":{},"s":{"0":0,"1":0,"2":0,"3":0,"4":0,"5":0,"6":0},"f":{"0":0,"1":0},"b":{}}
[...]
8}},"loc":{"start":{"line":18,"column":28},"end":{"line":42,"column":2}}},"3":{"name":"(anonymous_16)","decl":{"start":{"line":18,"column":45},"end":{"line":18,"column":null}},"loc":{"start":{"line":18,"column":45},"end":{"line":42,"column":2}}},"4":{"name":"(anonymous_18)","decl":{"start":{"line":44,"column":32},"end":{"line":44,"column":null}},"loc":{"start":{"line":46,"column":22},"end":{"line":64,"column":2}}},"5":{"name":"(anonymous_19)","decl":{"start":{"line":47,"column":10},"end":{"line":47,"column":null}},"loc":{"start":{"line":47,"column":10},"end":{"line":64,"column":2}}},"6":{"name":"(anonymous_21)","decl":{"start":{"line":76,"column":33},"end":{"line":76,"column":43}},"loc":{"start":{"line":76,"column":33},"end":{"line":82,"column":2}}},"7":{"name":"(anonymous_22)","decl":{"start":{"line":76,"column":50},"end":{"line":76,"column":null}},"loc":{"start":{"line":76,"column":50},"end":{"line":82,"column":2}}},"8":{"name":"(anonymous_24)","decl":{"start":{"line":84,"column":27},"end":{"line":84,"column":37}},"loc":{"start":{"line":84,"column":27},"end":{"line":90,"column":2}}},"9":{"name":"(anonymous_25)","decl":{"start":{"line":84,"column":44},"end":{"line":84,"column":null}},"loc":{"start":{"line":84,"column":44},"end":{"line":90,"column":2}}},"10":{"name":"(anonymous_27)","decl":{"start":{"line":92,"column":28},"end":{"line":92,"column":38}},"loc":{"start":{"line":92,"column":28},"end":{"line":104,"column":2}}},"11":{"name":"(anonymous_28)","decl":{"start":{"line":92,"column":45},"end":{"line":92,"column":null}},"loc":{"start":{"line":92,"column":45},"end":{"line":104,"column":2}}},"12":{"name":"(anonymous_30)","decl":{"start":{"line":111,"column":30},"end":{"line":111,"column":null}},"loc":{"start":{"line":112,"column":23},"end":{"line":126,"column":2}}},"13":{"name":"(anonymous_31)","decl":{"start":{"line":113,"column":10},"end":{"line":113,"column":null}},"loc":{"start":{"line":113,"column":10},"end":{"line":126,"column":2}}},"14":{"name":"(anonymous_33)","decl":{"start":{"line":132,"column":35},"end":{"line":132,"column":null}},"loc":{"start":{"line":133,"column":16},"end":{"line":142,"column":2}}},"15":{"name":"(anonymous_34)","decl":{"start":{"line":134,"column":10},"end":{"line":134,"column":null}},"loc":{"start":{"line":134,"column":10},"end":{"line":142,"column":2}}},"16":{"name":"(anonymous_36)","decl":{"start":{"line":156,"column":31},"end":{"line":156,"column":null}},"loc":{"start":{"line":157,"column":21},"end":{"line":171,"column":2}}},"17":{"name":"(anonymous_37)","decl":{"start":{"line":158,"column":10},"end":{"line":158,"column":null}},"loc":{"start":{"line":158,"column":10},"end":{"line":171,"column":2}}},"18":{"name":"(anonymous_39)","decl":{"start":{"line":178,"column":28},"end":{"line":178,"column":null}},"loc":{"start":{"line":179,"column":18},"end":{"line":193,"column":2}}},"19":{"name":"(anonymous_40)","decl":{"start":{"line":180,"column":10},"end":{"line":180,"column":null}},"loc":{"start":{"line":180,"column":10},"end":{"line":193,"column":2}}},"20":{"name":"(anonymous_42)","decl":{"start":{"line":195,"column":33},"end":{"line":195,"column":40}},"loc":{"start":{"line":197,"column":1},"end":{"line":210,"column":2}}},"21":{"name":"(anonymous_43)","decl":{"start":{"line":197,"column":11},"end":{"line":197,"column":null}},"loc":{"start":{"line":197,"column":11},"end":{"line":210,"column":2}}},"22":{"name":"(anonymous_45)","decl":{"start":{"line":212,"column":32},"end":{"line":212,"column":39}},"loc":{"start":{"line":215,"column":1},"end":{"line":228,"column":2}}},"23":{"name":"(anonymous_46)","decl":{"start":{"line":215,"column":11},"end":{"line":215,"column":null}},"loc":{"start":{"line":215,"column":11},"end":{"line":228,"column":2}}},"24":{"name":"(anonymous_48)","decl":{"start":{"line":232,"column":26},"end":{"line":232,"column":36}},"loc":{"start":{"line":232,"column":26},"end":{"line":239,"column":2}}},"25":{"name":"(anonymous_49)","decl":{"start":{"line":232,"column":43},"end":{"line":232,"column":null}},"loc":{"start":{"line":232,"column":43},"end":{"line":239,"column":2}}},"26":{"name":"(anonymous_51)","decl":{"start":{"line":241,"column":29},"end":{"line":241,"column":null}},"loc":{"start":{"line":242,"column":30},"end":{"line":253,"column":2}}},"27":{"name":"(anonymous_52)","decl":{"start":{"line":243,"column":10},"end":{"line":243,"column":null}},"loc":{"start":{"line":243,"column":10},"end":{"line":253,"column":2}}},"28":{"name":"(anonymous_54)","decl":{"start":{"line":255,"column":25},"end":{"line":255,"column":35}},"loc":{"start":{"line":255,"column":25},"end":{"line":267,"column":2}}},"29":{"name":"(anonymous_55)","decl":{"start":{"line":255,"column":42},"end":{"line":255,"column":null}},"loc":{"start":{"line":255,"column":42},"end":{"line":267,"column":2}}}},"branchMap":{"0":{"loc":{"start":{"line":7,"column":2},"end":{"line":7,"column":69}},"type":"cond-expr","locations":[{"start":{"line":7,"column":11},"end":{"line":7,"column":21}},{"start":{"line":7,"column":24},"end":{"line":7,"column":69}}]},"1":{"loc":{"start":{"line":19,"column":19},"end":{"line":27,"column":null}},"type":"switch","locations":[{"start":{"line":19,"column":19},"end":{"line":27,"column":null}}]},"2":{"loc":{"start":{"line":31,"column":2},"end":{"line":33,"column":3}},"type":"if","locations":[{"start":{"line":31,"column":2},"end":{"line":33,"column":3}}]},"3":{"loc":{"start":{"line":36,"column":22},"end":{"line":38,"column":29}},"type":"cond-expr","locations":[{"start":{"line":37,"column":6},"end":{"line":37,"column":49}},{"start":{"line":38,"column":6},"end":{"line":38,"column":29}}]},"4":{"loc":{"start":{"line":50,"column":4},"end":{"line":50,"column":39}},"type":"switch","locations":[{"start":{"line":50,"column":4},"end":{"line":50,"column":39}},{"start":{"line":59,"column":6},"end":{"line":59,"column":41}},{"start":{"line":61,"column":6},"end":{"line":61,"column":33}}]},"5":{"loc":{"start":{"line":52,"column":8},"end":{"line":52,"column":9}},"type":"if","locations":[{"start":{"line":52,"column":8},"end":{"line":52,"column":9}}]},"6":{"loc":{"start":{"line":54,"column":6},"end":{"line":57,"column":7}},"type":"if","locations":[{"start":{"line":54,"column":6},"end":{"line":57,"column":7}}]},"7":{"loc":{"start":{"line":56,"column":20},"end":{"line":56,"column":90}},"type":"binary-expr","locations":[{"start":{"line":56,"column":20},"end":{"line":56,"column":63}},{"start":{"line":56,"column":67},"end":{"line":56,"column":90}}]},"8":{"loc":{"start":{"line":77,"column":19},"end":{"line":77,"column":null}},"type":"switch","locations":[{"start":{"line":77,"column":19},"end":{"line":77,"column":null}}]},"9":{"loc":{"start":{"line":80,"column":2},"end":{"line":80,"column":38}},"type":"if","locations":[{"start":{"line":80,"column":2},"end":{"line":80,"column":38}}]},"10":{"loc":{"start":{"line":80,"column":6},"end":{"line":80,"column":19}},"type":"cond-expr","locations":[{"start":{"line":80,"column":10},"end":{"line":80,"column":12}},{"start":{"line":80,"column":6},"end":{"line":80,"column":19}}]},"11":{"loc":{"start":{"line":80,"column":6},"end":{"line":80,"column":12}},"type":"binary-expr","locations":[{"start":{"line":80,"column":6},"end":{"line":80,"column":12}},{"start":{"line":80,"column":6},"end":{"line":80,"column":12}}]},"12":{"loc":{"start":{"line":85,"column":19},"end":{"line":85,"column":null}},"type":"switch","locations":[{"start":{"line":85,"column":19},"end":{"line":85,"column":null}}]},"13":{"loc":{"start":{"line":88,"column":2},"end":{"line":88,"column":33}},"type":"if","locations":[{"start":{"line":88,"column":2},"end":{"line":88,"column":33}}]},"14":{"loc":{"start":{"line":88,"column":6},"end":{"line":88,"column":19}},"type":"cond-expr","locations":[{"start":{"line":88,"column":10},"end":{"line":88,"column":12}},{"start":{"line":88,"column":6},"end":{"line":88,"column":19}}]},"15":{"loc":{"start":{"line":88,"column":6},"end":{"line":88,"column":12}},"type":"binary-expr","locations":[{"start":{"line":88,"column":6},"end":{"line":88,"column":12}},{"start":{"line":88,"column":6},"end":{"line":88,"column":12}}]},"16":{"loc":{"start":{"line":98,"column":21},"end":{"line":98,"column":51}},"type":"cond-expr","locations":[{"start":{"line":98,"column":29},"end":{"line":98,"column":46}},{"start":{"line":98,"column":49},"end":{"line":98,"column":51}}]},"17":{"loc":{"start":{"line":102,"column":2},"end":{"line":102,"column":40}},"type":"if","locations":[{"start":{"line":102,"column":2},"end":{"line":102,"column":40}}]},"18":{"loc":{"start":{"line":102,"column":6},"end":{"line":102,"column":19}},"type":"cond-expr","locations":[{"start":{"line":102,"column":10},"end":{"line":102,"column":12}},{"start":{"line":102,"column":6},"end":{"line":102,"column":19}}]},"19":{"loc":{"start":{"line":102,"column":6},"end":{"line":102,"column":12}},"type":"binary-expr","locations":[{"start":{"line":102,"column":6},"end":{"line":102,"column":12}},{"start":{"line":102,"column":6},"end":{"line":102,"column":12}}]},"20":{"loc":{"start":{"line":119,"column":21},"end":{"line":119,"column":51}},"type":"cond-expr","locations":[{"start":{"line":119,"column":29},"end":{"line":119,"column":46}},{"start":{"line":119,"column":49},"end":{"line":119,"column":51}}]},"21":{"loc":{"start":{"line":124,"column":2},"end":{"line":124,"column":33}},"type":"if","locations":[{"start":{"line":124,"column":2},"end":{"line":124,"column":33}}]},"22":{"loc":{"start":{"line":124,"column":6},"end":{"line":124,"column":19}},"type":"cond-expr","locations":[{"start":{"line":124,"column":10},"end":{"line":124,"column":12}},{"start":{"line":124,"column":6},"end":{"line":124,"column":19}}]},"23":{"loc":{"start":{"line":124,"column":6},"end":{"line":124,"column":12}},"type":"binary-expr","locations":[{"start":{"line":124,"column":6},"end":{"line":124,"column":12}},{"start":{"line":124,"column":6},"end":{"line":124,"column":12}}]},"24":{"loc":{"start":{"line":135,"column":19},"end":{"line":140,"column":null}},"type":"switch","locations":[{"start":{"line":135,"column":19},"end":{"line":140,"column":null}},{"start":{"line":141,"column":2},"end":{"line":141,"column":55}}]},"25":{"loc":{"start":{"line":159,"column":19},"end":{"line":165,"column":null}},"type":"switch","locations":[{"start":{"line":159,"column":19},"end":{"line":165,"column":null}}]},"26":{"loc":{"start":{"line":169,"column":2},"end":{"line":169,"column":37}},"type":"if","locations":[{"start":{"line":169,"column":2},"end":{"line":169,"column":37}}]},"27":{"loc":{"start":{"line":169,"column":6},"end":{"line":169,"column":21}},"type":"cond-expr","locations":[{"start":{"line":169,"column":12},"end":{"line":169,"column":14}},{"start":{"line":169,"column":6},"end":{"line":169,"column":21}}]},"28":{"loc":{"start":{"line":169,"column":6},"end":{"line":169,"column":14}},"type":"binary-expr","locations":[{"start":{"line":169,"column":6},"end":{"line":169,"column":14}},{"start":{"line":169,"column":6},"end":{"line":169,"column":14}}]},"29":{"loc":{"start":{"line":181,"column":19},"end":{"line":187,"column":null}},"type":"switch","locations":[{"start":{"line":181,"column":19},"end":{"line":187,"column":null}}]},"30":{"loc":{"start":{"line":191,"column":2},"end":{"line":191,"column":37}},"type":"if","locations":[{"start":{"line":191,"column":2},"end":{"line":191,"column":37}}]},"31":{"loc":{"start":{"line":191,"column":6},"end":{"line":191,"column":21}},"type":"cond-expr","locations":[{"start":{"line":191,"column":12},"end":{"line":191,"column":14}},{"start":{"line":191,"column":6},"end":{"line":191,"column":21}}]},"32":{"loc":{"start":{"line":191,"column":6},"end":{"line":191,"column":14}},"type":"binary-expr","locations":[{"start":{"line":191,"column":6},"end":{"line":191,"column":14}},{"start":{"line":191,"column":6},"end":{"line":191,"column":14}}]},"33":{"loc":{"start":{"line":198,"column":19},"end":{"line":204,"column":null}},"type":"switch","locations":[{"start":{"line":198,"column":19},"end":{"line":204,"column":null}}]},"34":{"loc":{"start":{"line":208,"column":2},"end":{"line":208,"column":37}},"type":"if","locations":[{"start":{"line":208,"column":2},"end":{"line":208,"column":37}}]},"35":{"loc":{"start":{"line":208,"column":6},"end":{"line":208,"column":21}},"type":"cond-expr","locations":[{"start":{"line":208,"column":12},"end":{"line":208,"column":14}},{"start":{"line":208,"column":6},"end":{"line":208,"column":21}}]},"36":{"loc":{"start":{"line":208,"column":6},"end":{"line":208,"column":14}},"type":"binary-expr","locations":[{"start":{"line":208,"column":6},"end":{"line":208,"column":14}},{"start":{"line":208,"column":6},"end":{"line":208,"column":14}}]},"37":{"loc":{"start":{"line":216,"column":19},"end":{"line":222,"column":null}},"type":"switch","locations":[{"start":{"line":216,"column":19},"end":{"line":222,"column":null}}]},"38":{"loc":{"start":{"line":226,"column":2},"end":{"line":226,"column":37}},"type":"if","locations":[{"start":{"line":226,"column":2},"end":{"line":226,"column":37}}]},"39":{"loc":{"start":{"line":226,"column":6},"end":{"line":226,"column":21}},"type":"cond-expr","locations":[{"start":{"line":226,"column":12},"end":{"line":226,"column":14}},{"start":{"line":226,"column":6},"end":{"line":226,"column":21}}]},"40":{"loc":{"start":{"line":226,"column":6},"end":{"line":226,"column":14}},"type":"binary-expr","locations":[{"start":{"line":226,"column":6},"end":{"line":226,"column":14}},{"start":{"line":226,"column":6},"end":{"line":226,"column":14}}]},"41":{"loc":{"start":{"line":234,"column":2},"end":{"line":238,"column":5}},"type":"switch","locations":[{"start":{"line":234,"column":2},"end":{"line":238,"column":5}}]},"42":{"loc":{"start":{"line":236,"column":21},"end":{"line":236,"column":51}},"type":"cond-expr","locations":[{"start":{"line":236,"column":29},"end":{"line":236,"column":46}},{"start":{"line":236,"column":49},"end":{"line":236,"column":51}}]},"43":{"loc":{"start":{"line":245,"column":2},"end":{"line":252,"column":5}},"type":"switch","locations":[{"start":{"line":245,"column":2},"end":{"line":252,"column":5}}]},"44":{"loc":{"start":{"line":249,"column":21},"end":{"line":249,"column":51}},"type":"cond-expr","locations":[{"start":{"line":249,"column":29},"end":{"line":249,"column":46}},{"start":{"line":249,"column":49},"end":{"line":249,"column":51}}]},"45":{"loc":{"start":{"line":256,"column":19},"end":{"line":264,"column":null}},"type":"switch","locations":[{"start":{"line":256,"column":19},"end":{"line":264,"column":null}},{"start":{"line":266,"column":2},"end":{"line":266,"column":60}}]}},"s":{"0":4,"1":4,"2":4,"3":0,"4":0,"5":4,"6":0,"7":0,"8":0,"9":0,"10":0,"11":0,"12":0,"13":0,"14":0,"15":0,"16":4,"17":4,"18":0,"19":0,"20":0,"21":0,"22":0,"23":0,"24":0,"25":0,"26":0,"27":0,"28":0,"29":0,"30":0,"31":0,"32":0,"33":4,"34":4,"35":0,"36":0,"37":0,"38":0,"39":0,"40":0,"41":0,"42":4,"43":4,"44":0,"45":0,"46":0,"47":0,"48":0,"49":0,"50":0,"51":4,"52":4,"53":0,"54":0,"55":0,"56":0,"57":0,"58":0,"59":4,"60":4,"61":0,"62":0,"63":0,"64":0,"65":0,"66":0,"67":0,"68":4,"69":4,"70":0,"71":0,"72":0,"73":0,"74":0,"75":4,"76":4,"77":0,"78":0,"79":0,"80":0,"81":0,"82":0,"83":0,"84":0,"85":4,"86":4,"87":0,"88":0,"89":0,"90":0,"91":0,"92":0,"93":0,"94":0,"95":4,"96":4,"97":0,"98":0,"99":0,"100":0,"101":0,"102":0,"103":0,"104":0,"105":4,"106":4,"107":0,"108":0,"109":0,"110":0,"111":0,"112":0,"113":0,"114":0,"115":4,"116":4,"117":0,"118":0,"119":0,"120":4,"121":4,"122":0,"123":0,"124":0,"125":0,"126":4,"127":4,"128":0,"129":0,"130":0,"131":0,"132":4},"f":{"0":0,"1":0,"2":0,"3":0,"4":0,"5":0,"6":0,"7":0,"8":0,"9":0,"10":0,"11":0,"12":0,"13":0,"14":0,"15":0,"16":0,"17":0,"18":0,"19":0,"20":0,"21":0,"22":0,"23":0,"24":0,"25":0,"26":0,"27":0,"28":0,"29":0},"b":{"0":[0,0],"1":[0],"2":[0],"3":[0,0],"4":[0,0,0],"5":[0],"6":[0],"7":[0,0],"8":[0],"9":[0],"10":[0,0],"11":[0,0],"12":[0],"13":[0],"14":[0,0],"15":[0,0],"16":[0,0],"17":[0],"18":[0,0],"19":[0,0],"20":[0,0],"21":[0],"22":[0,0],"23":[0,0],"24":[0,0],"25":[0],"26":[0],"27":[0,0],"28":[0,0],"29":[0],"30":[0],"31":[0,0],"32":[0,0],"33":[0],"34":[0],"35":[0,0],"36":[0,0],"37":[0],"38":[0],"39":[0,0],"40":[0,0],"41":[0],"42":[0,0],"43":[0],"44":[0,0],"45":[0,0]}}
,"C:\\Users\\12\\dev\\stellar-burgers\\src\\utils\\cookie.ts": {"path":"C:\\Users\\12\\dev\\stellar-burgers\\src\\utils\\cookie.ts","statementMap":{"0":{"start":{"line":2,"column":18},"end":{"line":8,"column":null}},"1":{"start":{"line":10,"column":2},"end":{"line":10,"column":62}},"2":{"start":{"line":1,"column":0},"end":{"line":1,"column":16}},"3":{"start":{"line":16,"column":2},"end":{"line":16,"column":null}},"4":{"start":{"line":18,"column":2},"end":{"line":21,"column":4}},"5":{"start":{"line":23,"column":12},"end":{"line":23,"column":25}},"6":{"start":{"line":24,"column":2},"end":{"line":28,"column":3}},"7":{"start":{"line":25,"column":14},"end":{"line":25,"column":24}},"8":{"start":{"line":26,"column":4},"end":{"line":26,"column":40}},"9":{"start":{"line":27,"column":4},"end":{"line":27,"column":28}},"10":{"start":{"line":30,"column":2},"end":{"line":32,"column":3}},"11":{"start":{"line":31,"column":4},"end":{"line":31,"column":38}},"12":{"start":{"line":33,"column":2},"end":{"line":33,"column":36}},"13":{"start":{"line":34,"column":22},"end":{"line":34,"column":40}},"14":{"start":{"line":35,"column":2},"end":{"line":41,"column":3}},"15":{"start":{"line":36,"column":4},"end":{"line":36,"column":37}},"16":{"start":{"line":37,"column":22},"end":{"line":37,"column":37}},"17":{"start":{"line":38,"column":4},"end":{"line":40,"column":5}},"18":{"start":{"line":39,"column":6},"end":{"line":39,"column":39}},"19":{"start":{"line":42,"column":2},"end":{"line":42,"column":34}},"20":{"start":{"line":13,"column":0},"end":{"line":13,"column":16}},"21":{"start":{"line":46,"column":2},"end":{"line":46,"column":39}},"22":{"start":{"line":45,"column":0},"end":{"line":45,"column":16}}},"fnMap":{"0":{"name":"getCookie","decl":{"start":{"line":1,"column":16},"end":{"line":1,"column":25}},"loc":{"start":{"line":1,"column":38},"end":{"line":11,"column":1}}},"1":{"name":"setCookie","decl":{"start":{"line":13,"column":16},"end":{"line":13,"column":25}},"loc":{"start":{"line":16,"column":65},"end":{"line":43,"column":1}}},"2":{"name":"deleteCookie","decl":{"start":{"line":45,"column":16},"end":{"line":45,"column":28}},"loc":{"start":{"line":45,"column":41},"end":{"line":47,"column":1}}}},"branchMap":{"0":{"loc":{"start":{"line":10,"column":9},"end":{"line":10,"column":61}},"type":"cond-expr","locations":[{"start":{"line":10,"column":19},"end":{"line":10,"column":49}},{"start":{"line":10,"column":52},"end":{"line":10,"column":61}}]},"1":{"loc":{"start":{"line":16,"column":2},"end":{"line":16,"column":null}},"type":"if","locations":[{"start":{"line":16,"column":2},"end":{"line":16,"column":null}}]},"2":{"loc":{"start":{"line":24,"column":2},"end":{"line":28,"column":3}},"type":"if","locations":[{"start":{"line":24,"column":2},"end":{"line":28,"column":3}}]},"3":{"loc":{"start":{"line":24,"column":6},"end":{"line":24,"column":36}},"type":"binary-expr","locations":[{"start":{"line":24,"column":6},"end":{"line":24,"column":9}},{"start":{"line":24,"column":13},"end":{"line":24,"column":36}}]},"4":{"loc":{"start":{"line":30,"column":2},"end":{"line":32,"column":3}},"type":"if","locations":[{"start":{"line":30,"column":2},"end":{"line":32,"column":3}}]},"5":{"loc":{"start":{"line":30,"column":6},"end":{"line":30,"column":32}},"type":"binary-expr","locations":[{"start":{"line":30,"column":6},"end":{"line":30,"column":9}},{"start":{"line":30,"column":13},"end":{"line":30,"column":32}}]},"6":{"loc":{"start":{"line":38,"column":4},"end":{"line":40,"column":5}},"type":"if","locations":[{"start":{"line":38,"column":4},"end":{"line":40,"column":5}}]}},"s":{"0":0,"1":0,"2":4,"3":0,"4":0,"5":0,"6":0,"7":0,"8":0,"9":0,"10":0,"11":0,"12":0,"13":0,"14":0,"15":0,"16":0,"17":0,"18":0,"19":0,"20":4,"21":0,"22":4},"f":{"0":0,"1":0,"2":0},"b":{"0":[0,0],"1":[0],"2":[0],"3":[0,0],"4":[0],"5":[0,0],"6":[0]}}
}
